[ 2016-07-29T22:14:07+08:00 ] 127.0.0.1 /index.php?c=index&a=getCount
INFO: [ app_init ] --START--
INFO: Run Behavior\BuildLiteBehavior [ RunTime:0.000000s ]
INFO: [ app_init ] --END-- [ RunTime:0.000000s ]
INFO: [ app_begin ] --START--
INFO: Run Behavior\ReadHtmlCacheBehavior [ RunTime:0.002500s ]
INFO: [ app_begin ] --END-- [ RunTime:0.002500s ]
NOTIC: [2048] Declaration of Home\Controller\CommonController::error() should be compatible with Think\Controller::error($message = '', $jumpUrl = '', $ajax = false) D:\php\tp\Application\Home\Controller\CommonController.class.php 第 21 行.
NOTIC: [2048] Declaration of Common\Model\NewsModel::save() should be compatible with Think\Model::save($data = '', $options = Array) D:\php\tp\Application\Common\Model\NewsModel.class.php 第 5 行.
NOTIC: [2048] Declaration of Common\Model\NewsModel::find() should be compatible with Think\Model::find($options = Array) D:\php\tp\Application\Common\Model\NewsModel.class.php 第 5 行.
SQL: SELECT * FROM `cms_news` WHERE `news_id` IN ('42','38','37','40','39','32','41')  [ RunTime:0.0000s ]

[ 2016-07-29T22:14:09+08:00 ] 127.0.0.1 /index.php?c=detail&id=42
INFO: [ app_init ] --START--
INFO: Run Behavior\BuildLiteBehavior [ RunTime:0.000000s ]
INFO: [ app_init ] --END-- [ RunTime:0.002500s ]
INFO: [ app_begin ] --START--
INFO: Run Behavior\ReadHtmlCacheBehavior [ RunTime:0.002500s ]
INFO: [ app_begin ] --END-- [ RunTime:0.002500s ]
NOTIC: [2048] Declaration of Home\Controller\CommonController::error() should be compatible with Think\Controller::error($message = '', $jumpUrl = '', $ajax = false) D:\php\tp\Application\Home\Controller\CommonController.class.php 第 21 行.
NOTIC: [2048] Declaration of Common\Model\NewsModel::save() should be compatible with Think\Model::save($data = '', $options = Array) D:\php\tp\Application\Common\Model\NewsModel.class.php 第 5 行.
NOTIC: [2048] Declaration of Common\Model\NewsModel::find() should be compatible with Think\Model::find($options = Array) D:\php\tp\Application\Common\Model\NewsModel.class.php 第 5 行.
SQL: SELECT * FROM `cms_news` WHERE ( news_id=42 ) LIMIT 1   [ RunTime:0.0000s ]
SQL: UPDATE `cms_news` SET `count`='30' WHERE ( news_id=42 ) [ RunTime:0.0025s ]
NOTIC: [2048] Declaration of Common\Model\NewsContentModel::save() should be compatible with Think\Model::save($data = '', $options = Array) D:\php\tp\Application\Common\Model\NewsContentModel.class.php 第 26 行.
SQL: SELECT `news_id`,`content` FROM `cms_news_content` WHERE `news_id` = 42 LIMIT 1   [ RunTime:0.0025s ]
SQL: SELECT * FROM `cms_news` WHERE `status` = 1 ORDER BY count desc,news_id desc LIMIT 10   [ RunTime:0.0000s ]
NOTIC: [2048] Declaration of Common\Model\PositionContentModel::save() should be compatible with Think\Model::save($data = '', $options = Array) D:\php\tp\Application\Common\Model\PositionContentModel.class.php 第 45 行.
NOTIC: [2048] Declaration of Common\Model\PositionContentModel::select() should be compatible with Think\Model::select($options = Array) D:\php\tp\Application\Common\Model\PositionContentModel.class.php 第 45 行.
NOTIC: [2048] Declaration of Common\Model\PositionContentModel::find() should be compatible with Think\Model::find($options = Array) D:\php\tp\Application\Common\Model\PositionContentModel.class.php 第 45 行.
SQL: SELECT * FROM `cms_position_content` WHERE `status` = 1 AND `position_id` = 5 ORDER BY create_time desc LIMIT 3   [ RunTime:0.0050s ]
INFO: [ view_parse ] --START--
INFO: [ template_filter ] --START--
INFO: Run Behavior\ContentReplaceBehavior [ RunTime:0.000000s ]
INFO: [ template_filter ] --END-- [ RunTime:0.000000s ]
SQL: SELECT * FROM `cms_menu` WHERE `status` = 1 AND `type` = 0 ORDER BY listorder desc,menu_id desc  [ RunTime:0.0000s ]
INFO: Run Behavior\ParseTemplateBehavior [ RunTime:0.015000s ]
INFO: [ view_parse ] --END-- [ RunTime:0.015000s ]
INFO: [ view_filter ] --START--
INFO: Run Behavior\WriteHtmlCacheBehavior [ RunTime:0.000000s ]
INFO: [ view_filter ] --END-- [ RunTime:0.000000s ]
INFO: [ app_end ] --START--
INFO: Run Behavior\ShowPageTraceBehavior [ RunTime:0.000000s ]
INFO: [ app_end ] --END-- [ RunTime:0.000000s ]

[ 2016-07-29T22:14:12+08:00 ] 127.0.0.1 /index.php?c=index&a=getCount
INFO: [ app_init ] --START--
INFO: Run Behavior\BuildLiteBehavior [ RunTime:0.000000s ]
INFO: [ app_init ] --END-- [ RunTime:0.000000s ]
INFO: [ app_begin ] --START--
INFO: Run Behavior\ReadHtmlCacheBehavior [ RunTime:0.000000s ]
INFO: [ app_begin ] --END-- [ RunTime:0.000000s ]
NOTIC: [2048] Declaration of Home\Controller\CommonController::error() should be compatible with Think\Controller::error($message = '', $jumpUrl = '', $ajax = false) D:\php\tp\Application\Home\Controller\CommonController.class.php 第 21 行.
NOTIC: [2048] Declaration of Common\Model\NewsModel::save() should be compatible with Think\Model::save($data = '', $options = Array) D:\php\tp\Application\Common\Model\NewsModel.class.php 第 5 行.
NOTIC: [2048] Declaration of Common\Model\NewsModel::find() should be compatible with Think\Model::find($options = Array) D:\php\tp\Application\Common\Model\NewsModel.class.php 第 5 行.
SQL: SELECT * FROM `cms_news` WHERE `news_id` IN ('42','38','37','40','39','32','41')  [ RunTime:0.0000s ]

[ 2016-07-29T22:14:17+08:00 ] 127.0.0.1 /index.php?c=detail&id=41
INFO: [ app_init ] --START--
INFO: Run Behavior\BuildLiteBehavior [ RunTime:0.000000s ]
INFO: [ app_init ] --END-- [ RunTime:0.002500s ]
INFO: [ app_begin ] --START--
INFO: Run Behavior\ReadHtmlCacheBehavior [ RunTime:0.000000s ]
INFO: [ app_begin ] --END-- [ RunTime:0.000000s ]
NOTIC: [2048] Declaration of Home\Controller\CommonController::error() should be compatible with Think\Controller::error($message = '', $jumpUrl = '', $ajax = false) D:\php\tp\Application\Home\Controller\CommonController.class.php 第 21 行.
NOTIC: [2048] Declaration of Common\Model\NewsModel::save() should be compatible with Think\Model::save($data = '', $options = Array) D:\php\tp\Application\Common\Model\NewsModel.class.php 第 5 行.
NOTIC: [2048] Declaration of Common\Model\NewsModel::find() should be compatible with Think\Model::find($options = Array) D:\php\tp\Application\Common\Model\NewsModel.class.php 第 5 行.
SQL: SELECT * FROM `cms_news` WHERE ( news_id=41 ) LIMIT 1   [ RunTime:0.0000s ]
SQL: UPDATE `cms_news` SET `count`='35' WHERE ( news_id=41 ) [ RunTime:0.0000s ]
NOTIC: [2048] Declaration of Common\Model\NewsContentModel::save() should be compatible with Think\Model::save($data = '', $options = Array) D:\php\tp\Application\Common\Model\NewsContentModel.class.php 第 26 行.
SQL: SELECT `news_id`,`content` FROM `cms_news_content` WHERE `news_id` = 41 LIMIT 1   [ RunTime:0.0000s ]
SQL: SELECT * FROM `cms_news` WHERE `status` = 1 ORDER BY count desc,news_id desc LIMIT 10   [ RunTime:0.0000s ]
NOTIC: [2048] Declaration of Common\Model\PositionContentModel::save() should be compatible with Think\Model::save($data = '', $options = Array) D:\php\tp\Application\Common\Model\PositionContentModel.class.php 第 45 行.
NOTIC: [2048] Declaration of Common\Model\PositionContentModel::select() should be compatible with Think\Model::select($options = Array) D:\php\tp\Application\Common\Model\PositionContentModel.class.php 第 45 行.
NOTIC: [2048] Declaration of Common\Model\PositionContentModel::find() should be compatible with Think\Model::find($options = Array) D:\php\tp\Application\Common\Model\PositionContentModel.class.php 第 45 行.
SQL: SELECT * FROM `cms_position_content` WHERE `status` = 1 AND `position_id` = 5 ORDER BY create_time desc LIMIT 3   [ RunTime:0.0000s ]
INFO: [ view_parse ] --START--
INFO: [ template_filter ] --START--
INFO: Run Behavior\ContentReplaceBehavior [ RunTime:0.000000s ]
INFO: [ template_filter ] --END-- [ RunTime:0.000000s ]
SQL: SELECT * FROM `cms_menu` WHERE `status` = 1 AND `type` = 0 ORDER BY listorder desc,menu_id desc  [ RunTime:0.0025s ]
INFO: Run Behavior\ParseTemplateBehavior [ RunTime:0.010000s ]
INFO: [ view_parse ] --END-- [ RunTime:0.010000s ]
INFO: [ view_filter ] --START--
INFO: Run Behavior\WriteHtmlCacheBehavior [ RunTime:0.000000s ]
INFO: [ view_filter ] --END-- [ RunTime:0.000000s ]
INFO: [ app_end ] --START--
INFO: Run Behavior\ShowPageTraceBehavior [ RunTime:0.000000s ]
INFO: [ app_end ] --END-- [ RunTime:0.000000s ]

