[ 2017-05-18T12:26:57+08:00 ] 127.0.0.1 /index.php?c=cat&id=3
INFO: [ app_init ] --START--
INFO: Run Behavior\BuildLiteBehavior [ RunTime:0.000000s ]
INFO: [ app_init ] --END-- [ RunTime:0.007500s ]
INFO: [ app_begin ] --START--
INFO: Run Behavior\ReadHtmlCacheBehavior [ RunTime:0.002500s ]
INFO: [ app_begin ] --END-- [ RunTime:0.002500s ]
NOTIC: [2048] Declaration of Home\Controller\CommonController::error() should be compatible with Think\Controller::error($message = '', $jumpUrl = '', $ajax = false) D:\php\tp\Application\Home\Controller\CommonController.class.php 第 21 行.
NOTIC: [8] Undefined index: p D:\php\tp\Application\Home\Controller\CatController.class.php 第 7 行.
NOTIC: [8] Undefined index: pageSize D:\php\tp\Application\Home\Controller\CatController.class.php 第 8 行.
NOTIC: [2048] Declaration of Common\Model\NewsModel::save() should be compatible with Think\Model::save($data = '', $options = Array) D:\php\tp\Application\Common\Model\NewsModel.class.php 第 5 行.
NOTIC: [2048] Declaration of Common\Model\NewsModel::find() should be compatible with Think\Model::find($options = Array) D:\php\tp\Application\Common\Model\NewsModel.class.php 第 5 行.
NOTIC: [8] Undefined index: title D:\php\tp\Application\Common\Model\NewsModel.class.php 第 15 行.
SQL: SELECT * FROM `cms_news` WHERE `status` <> -1 AND `catid` = 3 ORDER BY listorder desc,news_id desc LIMIT 0,10   [ RunTime:0.0125s ]
NOTIC: [8] Undefined index: title D:\php\tp\Application\Common\Model\NewsModel.class.php 第 22 行.
SQL: SELECT COUNT(*) AS tp_count FROM `cms_news` WHERE `status` <> -1 AND `catid` = 3 LIMIT 1   [ RunTime:0.0025s ]
NOTIC: [8] Undefined variable: sing_path D:\php\tp\ThinkPHP\Common\functions.php 第 992 行.
SQL: SELECT * FROM `cms_news` WHERE `status` = 1 ORDER BY count desc,news_id desc LIMIT 10   [ RunTime:0.0025s ]
NOTIC: [2048] Declaration of Common\Model\PositionContentModel::save() should be compatible with Think\Model::save($data = '', $options = Array) D:\php\tp\Application\Common\Model\PositionContentModel.class.php 第 45 行.
NOTIC: [2048] Declaration of Common\Model\PositionContentModel::select() should be compatible with Think\Model::select($options = Array) D:\php\tp\Application\Common\Model\PositionContentModel.class.php 第 45 行.
NOTIC: [2048] Declaration of Common\Model\PositionContentModel::find() should be compatible with Think\Model::find($options = Array) D:\php\tp\Application\Common\Model\PositionContentModel.class.php 第 45 行.
SQL: SELECT * FROM `cms_position_content` WHERE `status` = 1 AND `position_id` = 5 ORDER BY create_time desc LIMIT 3   [ RunTime:0.0075s ]
NOTIC: [8] Undefined variable: smallNews D:\php\tp\Application\Home\Controller\CatController.class.php 第 21 行.
INFO: [ view_parse ] --START--
INFO: [ template_filter ] --START--
INFO: Run Behavior\ContentReplaceBehavior [ RunTime:0.002500s ]
INFO: [ template_filter ] --END-- [ RunTime:0.002500s ]
SQL: SELECT * FROM `cms_menu` WHERE `status` = 1 AND `type` = 0 ORDER BY listorder desc,menu_id desc  [ RunTime:0.0075s ]
INFO: Run Behavior\ParseTemplateBehavior [ RunTime:0.065001s ]
INFO: [ view_parse ] --END-- [ RunTime:0.065001s ]
INFO: [ view_filter ] --START--
INFO: Run Behavior\WriteHtmlCacheBehavior [ RunTime:0.002500s ]
INFO: [ view_filter ] --END-- [ RunTime:0.002500s ]
INFO: [ app_end ] --START--
INFO: Run Behavior\ShowPageTraceBehavior [ RunTime:0.000000s ]
INFO: [ app_end ] --END-- [ RunTime:0.000000s ]

[ 2017-05-18T12:26:57+08:00 ] 127.0.0.1 /index.php?c=index&a=getCount
INFO: [ app_init ] --START--
INFO: Run Behavior\BuildLiteBehavior [ RunTime:0.000000s ]
INFO: [ app_init ] --END-- [ RunTime:0.000000s ]
INFO: [ app_begin ] --START--
INFO: Run Behavior\ReadHtmlCacheBehavior [ RunTime:0.000000s ]
INFO: [ app_begin ] --END-- [ RunTime:0.002500s ]
NOTIC: [2048] Declaration of Home\Controller\CommonController::error() should be compatible with Think\Controller::error($message = '', $jumpUrl = '', $ajax = false) D:\php\tp\Application\Home\Controller\CommonController.class.php 第 21 行.
NOTIC: [2048] Declaration of Common\Model\NewsModel::save() should be compatible with Think\Model::save($data = '', $options = Array) D:\php\tp\Application\Common\Model\NewsModel.class.php 第 5 行.
NOTIC: [2048] Declaration of Common\Model\NewsModel::find() should be compatible with Think\Model::find($options = Array) D:\php\tp\Application\Common\Model\NewsModel.class.php 第 5 行.
SQL: SELECT * FROM `cms_news` WHERE `news_id` IN ('40')  [ RunTime:0.0025s ]

[ 2017-05-18T12:26:59+08:00 ] 127.0.0.1 /index.php?c=detail&id=40
INFO: [ app_init ] --START--
INFO: Run Behavior\BuildLiteBehavior [ RunTime:0.000000s ]
INFO: [ app_init ] --END-- [ RunTime:0.002500s ]
INFO: [ app_begin ] --START--
INFO: Run Behavior\ReadHtmlCacheBehavior [ RunTime:0.000000s ]
INFO: [ app_begin ] --END-- [ RunTime:0.000000s ]
NOTIC: [2048] Declaration of Home\Controller\CommonController::error() should be compatible with Think\Controller::error($message = '', $jumpUrl = '', $ajax = false) D:\php\tp\Application\Home\Controller\CommonController.class.php 第 21 行.
NOTIC: [2048] Declaration of Common\Model\NewsModel::save() should be compatible with Think\Model::save($data = '', $options = Array) D:\php\tp\Application\Common\Model\NewsModel.class.php 第 5 行.
NOTIC: [2048] Declaration of Common\Model\NewsModel::find() should be compatible with Think\Model::find($options = Array) D:\php\tp\Application\Common\Model\NewsModel.class.php 第 5 行.
SQL: SELECT * FROM `cms_news` WHERE ( news_id=40 ) LIMIT 1   [ RunTime:0.0025s ]
SQL: UPDATE `cms_news` SET `count`='34' WHERE ( news_id=40 ) [ RunTime:0.0025s ]
NOTIC: [2048] Declaration of Common\Model\NewsContentModel::save() should be compatible with Think\Model::save($data = '', $options = Array) D:\php\tp\Application\Common\Model\NewsContentModel.class.php 第 26 行.
SQL: SELECT `news_id`,`content` FROM `cms_news_content` WHERE `news_id` = 40 LIMIT 1   [ RunTime:0.0175s ]
SQL: SELECT * FROM `cms_news` WHERE `status` = 1 ORDER BY count desc,news_id desc LIMIT 10   [ RunTime:0.0000s ]
NOTIC: [2048] Declaration of Common\Model\PositionContentModel::save() should be compatible with Think\Model::save($data = '', $options = Array) D:\php\tp\Application\Common\Model\PositionContentModel.class.php 第 45 行.
NOTIC: [2048] Declaration of Common\Model\PositionContentModel::select() should be compatible with Think\Model::select($options = Array) D:\php\tp\Application\Common\Model\PositionContentModel.class.php 第 45 行.
NOTIC: [2048] Declaration of Common\Model\PositionContentModel::find() should be compatible with Think\Model::find($options = Array) D:\php\tp\Application\Common\Model\PositionContentModel.class.php 第 45 行.
SQL: SELECT * FROM `cms_position_content` WHERE `status` = 1 AND `position_id` = 5 ORDER BY create_time desc LIMIT 3   [ RunTime:0.0025s ]
INFO: [ view_parse ] --START--
INFO: [ template_filter ] --START--
INFO: Run Behavior\ContentReplaceBehavior [ RunTime:0.000000s ]
INFO: [ template_filter ] --END-- [ RunTime:0.000000s ]
SQL: SELECT * FROM `cms_menu` WHERE `status` = 1 AND `type` = 0 ORDER BY listorder desc,menu_id desc  [ RunTime:0.0000s ]
INFO: Run Behavior\ParseTemplateBehavior [ RunTime:0.027500s ]
INFO: [ view_parse ] --END-- [ RunTime:0.027500s ]
INFO: [ view_filter ] --START--
INFO: Run Behavior\WriteHtmlCacheBehavior [ RunTime:0.002500s ]
INFO: [ view_filter ] --END-- [ RunTime:0.002500s ]
INFO: [ app_end ] --START--
INFO: Run Behavior\ShowPageTraceBehavior [ RunTime:0.000000s ]
INFO: [ app_end ] --END-- [ RunTime:0.000000s ]

[ 2017-05-18T12:27:04+08:00 ] 127.0.0.1 /index.php?c=cat&id=5
INFO: [ app_init ] --START--
INFO: Run Behavior\BuildLiteBehavior [ RunTime:0.000000s ]
INFO: [ app_init ] --END-- [ RunTime:0.002500s ]
INFO: [ app_begin ] --START--
INFO: Run Behavior\ReadHtmlCacheBehavior [ RunTime:0.002500s ]
INFO: [ app_begin ] --END-- [ RunTime:0.002500s ]
NOTIC: [2048] Declaration of Home\Controller\CommonController::error() should be compatible with Think\Controller::error($message = '', $jumpUrl = '', $ajax = false) D:\php\tp\Application\Home\Controller\CommonController.class.php 第 21 行.
NOTIC: [8] Undefined index: p D:\php\tp\Application\Home\Controller\CatController.class.php 第 7 行.
NOTIC: [8] Undefined index: pageSize D:\php\tp\Application\Home\Controller\CatController.class.php 第 8 行.
NOTIC: [2048] Declaration of Common\Model\NewsModel::save() should be compatible with Think\Model::save($data = '', $options = Array) D:\php\tp\Application\Common\Model\NewsModel.class.php 第 5 行.
NOTIC: [2048] Declaration of Common\Model\NewsModel::find() should be compatible with Think\Model::find($options = Array) D:\php\tp\Application\Common\Model\NewsModel.class.php 第 5 行.
NOTIC: [8] Undefined index: title D:\php\tp\Application\Common\Model\NewsModel.class.php 第 15 行.
SQL: SELECT * FROM `cms_news` WHERE `status` <> -1 AND `catid` = 5 ORDER BY listorder desc,news_id desc LIMIT 0,10   [ RunTime:0.0025s ]
INFO: [ view_parse ] --START--
INFO: [ template_filter ] --START--
INFO: Run Behavior\ContentReplaceBehavior [ RunTime:0.000000s ]
INFO: [ template_filter ] --END-- [ RunTime:0.000000s ]
SQL: SELECT * FROM `cms_menu` WHERE `status` = 1 AND `type` = 0 ORDER BY listorder desc,menu_id desc  [ RunTime:0.0025s ]
NOTIC: [8] Undefined variable: cat_id D:\php\tp\Application\Runtime\Cache\Home\9e03bccc44c1f457e70232be6abc4e68.php 第 20 行.
NOTIC: [8] Undefined variable: cat_id D:\php\tp\Application\Runtime\Cache\Home\9e03bccc44c1f457e70232be6abc4e68.php 第 22 行.
NOTIC: [8] Undefined variable: cat_id D:\php\tp\Application\Runtime\Cache\Home\9e03bccc44c1f457e70232be6abc4e68.php 第 23 行.
NOTIC: [8] Undefined variable: cat_id D:\php\tp\Application\Runtime\Cache\Home\9e03bccc44c1f457e70232be6abc4e68.php 第 23 行.
NOTIC: [8] Undefined variable: cat_id D:\php\tp\Application\Runtime\Cache\Home\9e03bccc44c1f457e70232be6abc4e68.php 第 23 行.
INFO: Run Behavior\ParseTemplateBehavior [ RunTime:0.030001s ]
INFO: [ view_parse ] --END-- [ RunTime:0.030001s ]
INFO: [ view_filter ] --START--
INFO: Run Behavior\WriteHtmlCacheBehavior [ RunTime:0.000000s ]
INFO: [ view_filter ] --END-- [ RunTime:0.002500s ]
INFO: [ app_end ] --START--
INFO: Run Behavior\ShowPageTraceBehavior [ RunTime:0.000000s ]
INFO: [ app_end ] --END-- [ RunTime:0.000000s ]

[ 2017-05-18T12:27:08+08:00 ] 127.0.0.1 /index.php?c=index&a=getCount
INFO: [ app_init ] --START--
INFO: Run Behavior\BuildLiteBehavior [ RunTime:0.000000s ]
INFO: [ app_init ] --END-- [ RunTime:0.000000s ]
INFO: [ app_begin ] --START--
INFO: Run Behavior\ReadHtmlCacheBehavior [ RunTime:0.002500s ]
INFO: [ app_begin ] --END-- [ RunTime:0.002500s ]
NOTIC: [2048] Declaration of Home\Controller\CommonController::error() should be compatible with Think\Controller::error($message = '', $jumpUrl = '', $ajax = false) D:\php\tp\Application\Home\Controller\CommonController.class.php 第 21 行.
NOTIC: [2048] Declaration of Common\Model\NewsModel::save() should be compatible with Think\Model::save($data = '', $options = Array) D:\php\tp\Application\Common\Model\NewsModel.class.php 第 5 行.
NOTIC: [2048] Declaration of Common\Model\NewsModel::find() should be compatible with Think\Model::find($options = Array) D:\php\tp\Application\Common\Model\NewsModel.class.php 第 5 行.
SQL: SELECT * FROM `cms_news` WHERE `news_id` IN ('42','38','37','40','39','32','41')  [ RunTime:0.0000s ]

[ 2017-05-18T12:27:10+08:00 ] 127.0.0.1 /index.php?c=cat&id=3
INFO: [ app_init ] --START--
INFO: Run Behavior\BuildLiteBehavior [ RunTime:0.000000s ]
INFO: [ app_init ] --END-- [ RunTime:0.002500s ]
INFO: [ app_begin ] --START--
INFO: Run Behavior\ReadHtmlCacheBehavior [ RunTime:0.000000s ]
INFO: [ app_begin ] --END-- [ RunTime:0.000000s ]
NOTIC: [2048] Declaration of Home\Controller\CommonController::error() should be compatible with Think\Controller::error($message = '', $jumpUrl = '', $ajax = false) D:\php\tp\Application\Home\Controller\CommonController.class.php 第 21 行.
NOTIC: [8] Undefined index: p D:\php\tp\Application\Home\Controller\CatController.class.php 第 7 行.
NOTIC: [8] Undefined index: pageSize D:\php\tp\Application\Home\Controller\CatController.class.php 第 8 行.
NOTIC: [2048] Declaration of Common\Model\NewsModel::save() should be compatible with Think\Model::save($data = '', $options = Array) D:\php\tp\Application\Common\Model\NewsModel.class.php 第 5 行.
NOTIC: [2048] Declaration of Common\Model\NewsModel::find() should be compatible with Think\Model::find($options = Array) D:\php\tp\Application\Common\Model\NewsModel.class.php 第 5 行.
NOTIC: [8] Undefined index: title D:\php\tp\Application\Common\Model\NewsModel.class.php 第 15 行.
SQL: SELECT * FROM `cms_news` WHERE `status` <> -1 AND `catid` = 3 ORDER BY listorder desc,news_id desc LIMIT 0,10   [ RunTime:0.0025s ]
NOTIC: [8] Undefined index: title D:\php\tp\Application\Common\Model\NewsModel.class.php 第 22 行.
SQL: SELECT COUNT(*) AS tp_count FROM `cms_news` WHERE `status` <> -1 AND `catid` = 3 LIMIT 1   [ RunTime:0.0025s ]
NOTIC: [8] Undefined variable: sing_path D:\php\tp\ThinkPHP\Common\functions.php 第 992 行.
SQL: SELECT * FROM `cms_news` WHERE `status` = 1 ORDER BY count desc,news_id desc LIMIT 10   [ RunTime:0.0025s ]
NOTIC: [2048] Declaration of Common\Model\PositionContentModel::save() should be compatible with Think\Model::save($data = '', $options = Array) D:\php\tp\Application\Common\Model\PositionContentModel.class.php 第 45 行.
NOTIC: [2048] Declaration of Common\Model\PositionContentModel::select() should be compatible with Think\Model::select($options = Array) D:\php\tp\Application\Common\Model\PositionContentModel.class.php 第 45 行.
NOTIC: [2048] Declaration of Common\Model\PositionContentModel::find() should be compatible with Think\Model::find($options = Array) D:\php\tp\Application\Common\Model\PositionContentModel.class.php 第 45 行.
SQL: SELECT * FROM `cms_position_content` WHERE `status` = 1 AND `position_id` = 5 ORDER BY create_time desc LIMIT 3   [ RunTime:0.0000s ]
NOTIC: [8] Undefined variable: smallNews D:\php\tp\Application\Home\Controller\CatController.class.php 第 21 行.
INFO: [ view_parse ] --START--
INFO: [ template_filter ] --START--
INFO: Run Behavior\ContentReplaceBehavior [ RunTime:0.000000s ]
INFO: [ template_filter ] --END-- [ RunTime:0.000000s ]
SQL: SELECT * FROM `cms_menu` WHERE `status` = 1 AND `type` = 0 ORDER BY listorder desc,menu_id desc  [ RunTime:0.0025s ]
INFO: Run Behavior\ParseTemplateBehavior [ RunTime:0.035001s ]
INFO: [ view_parse ] --END-- [ RunTime:0.035001s ]
INFO: [ view_filter ] --START--
INFO: Run Behavior\WriteHtmlCacheBehavior [ RunTime:0.002500s ]
INFO: [ view_filter ] --END-- [ RunTime:0.002500s ]
INFO: [ app_end ] --START--
INFO: Run Behavior\ShowPageTraceBehavior [ RunTime:0.000000s ]
INFO: [ app_end ] --END-- [ RunTime:0.000000s ]

[ 2017-05-18T12:27:10+08:00 ] 127.0.0.1 /index.php?c=index&a=getCount
INFO: [ app_init ] --START--
INFO: Run Behavior\BuildLiteBehavior [ RunTime:0.000000s ]
INFO: [ app_init ] --END-- [ RunTime:0.002500s ]
INFO: [ app_begin ] --START--
INFO: Run Behavior\ReadHtmlCacheBehavior [ RunTime:0.002500s ]
INFO: [ app_begin ] --END-- [ RunTime:0.002500s ]
NOTIC: [2048] Declaration of Home\Controller\CommonController::error() should be compatible with Think\Controller::error($message = '', $jumpUrl = '', $ajax = false) D:\php\tp\Application\Home\Controller\CommonController.class.php 第 21 行.
NOTIC: [2048] Declaration of Common\Model\NewsModel::save() should be compatible with Think\Model::save($data = '', $options = Array) D:\php\tp\Application\Common\Model\NewsModel.class.php 第 5 行.
NOTIC: [2048] Declaration of Common\Model\NewsModel::find() should be compatible with Think\Model::find($options = Array) D:\php\tp\Application\Common\Model\NewsModel.class.php 第 5 行.
SQL: SELECT * FROM `cms_news` WHERE `news_id` IN ('40')  [ RunTime:0.0000s ]

[ 2017-05-18T12:27:40+08:00 ] 127.0.0.1 /index.php?admin
INFO: [ app_init ] --START--
INFO: Run Behavior\BuildLiteBehavior [ RunTime:0.000000s ]
INFO: [ app_init ] --END-- [ RunTime:0.002500s ]
INFO: [ app_begin ] --START--
INFO: Run Behavior\ReadHtmlCacheBehavior [ RunTime:0.000000s ]
INFO: [ app_begin ] --END-- [ RunTime:0.002500s ]
NOTIC: [2048] Declaration of Home\Controller\CommonController::error() should be compatible with Think\Controller::error($message = '', $jumpUrl = '', $ajax = false) D:\php\tp\Application\Home\Controller\CommonController.class.php 第 21 行.
NOTIC: [2048] Declaration of Common\Model\PositionContentModel::save() should be compatible with Think\Model::save($data = '', $options = Array) D:\php\tp\Application\Common\Model\PositionContentModel.class.php 第 5 行.
NOTIC: [2048] Declaration of Common\Model\PositionContentModel::select() should be compatible with Think\Model::select($options = Array) D:\php\tp\Application\Common\Model\PositionContentModel.class.php 第 5 行.
NOTIC: [2048] Declaration of Common\Model\PositionContentModel::find() should be compatible with Think\Model::find($options = Array) D:\php\tp\Application\Common\Model\PositionContentModel.class.php 第 5 行.
SQL: SELECT * FROM `cms_position_content` WHERE `status` = 1 AND `position_id` = 2 ORDER BY create_time desc LIMIT 1   [ RunTime:0.0025s ]
SQL: SELECT * FROM `cms_position_content` WHERE `status` = 1 AND `position_id` = 3 ORDER BY create_time desc LIMIT 3   [ RunTime:0.0025s ]
NOTIC: [2048] Declaration of Common\Model\NewsModel::save() should be compatible with Think\Model::save($data = '', $options = Array) D:\php\tp\Application\Common\Model\NewsModel.class.php 第 120 行.
NOTIC: [2048] Declaration of Common\Model\NewsModel::find() should be compatible with Think\Model::find($options = Array) D:\php\tp\Application\Common\Model\NewsModel.class.php 第 120 行.
SQL: SELECT * FROM `cms_news` WHERE `status` = 1 AND `thumb` <> '' LIMIT 30   [ RunTime:0.0025s ]
SQL: SELECT * FROM `cms_news` WHERE `status` = 1 ORDER BY count desc,news_id desc LIMIT 10   [ RunTime:0.0025s ]
SQL: SELECT * FROM `cms_position_content` WHERE `status` = 1 AND `position_id` = 5 ORDER BY create_time desc LIMIT 3   [ RunTime:0.0025s ]
INFO: [ view_parse ] --START--
INFO: [ template_filter ] --START--
INFO: Run Behavior\ContentReplaceBehavior [ RunTime:0.000000s ]
INFO: [ template_filter ] --END-- [ RunTime:0.000000s ]
SQL: SELECT * FROM `cms_menu` WHERE `status` = 1 AND `type` = 0 ORDER BY listorder desc,menu_id desc  [ RunTime:0.0025s ]
INFO: Run Behavior\ParseTemplateBehavior [ RunTime:0.045000s ]
INFO: [ view_parse ] --END-- [ RunTime:0.045000s ]
INFO: [ view_filter ] --START--
INFO: Run Behavior\WriteHtmlCacheBehavior [ RunTime:0.000000s ]
INFO: [ view_filter ] --END-- [ RunTime:0.000000s ]
INFO: [ app_end ] --START--
INFO: Run Behavior\ShowPageTraceBehavior [ RunTime:0.002500s ]
INFO: [ app_end ] --END-- [ RunTime:0.002500s ]

[ 2017-05-18T12:27:41+08:00 ] 127.0.0.1 /index.php?c=index&a=getCount
INFO: [ app_init ] --START--
INFO: Run Behavior\BuildLiteBehavior [ RunTime:0.000000s ]
INFO: [ app_init ] --END-- [ RunTime:0.002500s ]
INFO: [ app_begin ] --START--
INFO: Run Behavior\ReadHtmlCacheBehavior [ RunTime:0.002500s ]
INFO: [ app_begin ] --END-- [ RunTime:0.002500s ]
NOTIC: [2048] Declaration of Home\Controller\CommonController::error() should be compatible with Think\Controller::error($message = '', $jumpUrl = '', $ajax = false) D:\php\tp\Application\Home\Controller\CommonController.class.php 第 21 行.
NOTIC: [2048] Declaration of Common\Model\NewsModel::save() should be compatible with Think\Model::save($data = '', $options = Array) D:\php\tp\Application\Common\Model\NewsModel.class.php 第 5 行.
NOTIC: [2048] Declaration of Common\Model\NewsModel::find() should be compatible with Think\Model::find($options = Array) D:\php\tp\Application\Common\Model\NewsModel.class.php 第 5 行.
SQL: SELECT * FROM `cms_news` WHERE `news_id` IN ('42','40','41')  [ RunTime:0.0000s ]

[ 2017-05-18T12:27:50+08:00 ] 127.0.0.1 /index.php?c=admin&a=index
INFO: [ app_init ] --START--
INFO: Run Behavior\BuildLiteBehavior [ RunTime:0.000000s ]
INFO: [ app_init ] --END-- [ RunTime:0.000000s ]
INFO: [ app_begin ] --START--
INFO: Run Behavior\ReadHtmlCacheBehavior [ RunTime:0.002500s ]
INFO: [ app_begin ] --END-- [ RunTime:0.002500s ]
ERR: 无法加载控制器:Admin

[ 2017-05-18T12:28:14+08:00 ] 127.0.0.1 /index.php?c=admin&a=login
INFO: [ app_init ] --START--
INFO: Run Behavior\BuildLiteBehavior [ RunTime:0.000000s ]
INFO: [ app_init ] --END-- [ RunTime:0.002500s ]
INFO: [ app_begin ] --START--
INFO: Run Behavior\ReadHtmlCacheBehavior [ RunTime:0.000000s ]
INFO: [ app_begin ] --END-- [ RunTime:0.000000s ]
ERR: 无法加载控制器:Admin

[ 2017-05-18T12:28:41+08:00 ] 127.0.0.1 /index.php?c=admin&a=login
INFO: [ app_init ] --START--
INFO: Run Behavior\BuildLiteBehavior [ RunTime:0.000000s ]
INFO: [ app_init ] --END-- [ RunTime:0.002500s ]
INFO: [ app_begin ] --START--
INFO: Run Behavior\ReadHtmlCacheBehavior [ RunTime:0.002500s ]
INFO: [ app_begin ] --END-- [ RunTime:0.002500s ]
ERR: 无法加载控制器:Admin

[ 2017-05-18T12:29:32+08:00 ] 127.0.0.1 /index.php?&c=login
INFO: [ app_init ] --START--
INFO: Run Behavior\BuildLiteBehavior [ RunTime:0.000000s ]
INFO: [ app_init ] --END-- [ RunTime:0.000000s ]
INFO: [ app_begin ] --START--
INFO: Run Behavior\ReadHtmlCacheBehavior [ RunTime:0.000000s ]
INFO: [ app_begin ] --END-- [ RunTime:0.000000s ]
ERR: 无法加载控制器:Login

