[ 2017-02-09T10:05:30+08:00 ] 127.0.0.1 /index.php?c=index&a=getCount
INFO: [ app_init ] --START--
INFO: Run Behavior\BuildLiteBehavior [ RunTime:0.000000s ]
INFO: [ app_init ] --END-- [ RunTime:0.004000s ]
INFO: [ app_begin ] --START--
INFO: Run Behavior\ReadHtmlCacheBehavior [ RunTime:0.003000s ]
INFO: [ app_begin ] --END-- [ RunTime:0.004000s ]
NOTIC: [2048] Declaration of Home\Controller\CommonController::error() should be compatible with Think\Controller::error($message = '', $jumpUrl = '', $ajax = false) D:\php\tp\Application\Home\Controller\CommonController.class.php 第 21 行.
NOTIC: [2048] Declaration of Common\Model\NewsModel::save() should be compatible with Think\Model::save($data = '', $options = Array) D:\php\tp\Application\Common\Model\NewsModel.class.php 第 5 行.
NOTIC: [2048] Declaration of Common\Model\NewsModel::find() should be compatible with Think\Model::find($options = Array) D:\php\tp\Application\Common\Model\NewsModel.class.php 第 5 行.
SQL: SELECT * FROM `cms_news` WHERE `news_id` IN ('42','38','37','40','39','32','41')  [ RunTime:0.0130s ]

[ 2017-02-09T10:05:36+08:00 ] 127.0.0.1 /index.php?c=detail&id=42
INFO: [ app_init ] --START--
INFO: Run Behavior\BuildLiteBehavior [ RunTime:0.000000s ]
INFO: [ app_init ] --END-- [ RunTime:0.001001s ]
INFO: [ app_begin ] --START--
INFO: Run Behavior\ReadHtmlCacheBehavior [ RunTime:0.001000s ]
INFO: [ app_begin ] --END-- [ RunTime:0.002000s ]
NOTIC: [2048] Declaration of Home\Controller\CommonController::error() should be compatible with Think\Controller::error($message = '', $jumpUrl = '', $ajax = false) D:\php\tp\Application\Home\Controller\CommonController.class.php 第 21 行.
NOTIC: [2048] Declaration of Common\Model\NewsModel::save() should be compatible with Think\Model::save($data = '', $options = Array) D:\php\tp\Application\Common\Model\NewsModel.class.php 第 5 行.
NOTIC: [2048] Declaration of Common\Model\NewsModel::find() should be compatible with Think\Model::find($options = Array) D:\php\tp\Application\Common\Model\NewsModel.class.php 第 5 行.
SQL: SELECT * FROM `cms_news` WHERE ( news_id=42 ) LIMIT 1   [ RunTime:0.0010s ]
SQL: UPDATE `cms_news` SET `count`='32' WHERE ( news_id=42 ) [ RunTime:0.0010s ]
NOTIC: [2048] Declaration of Common\Model\NewsContentModel::save() should be compatible with Think\Model::save($data = '', $options = Array) D:\php\tp\Application\Common\Model\NewsContentModel.class.php 第 26 行.
SQL: SELECT `news_id`,`content` FROM `cms_news_content` WHERE `news_id` = 42 LIMIT 1   [ RunTime:0.0100s ]
SQL: SELECT * FROM `cms_news` WHERE `status` = 1 ORDER BY count desc,news_id desc LIMIT 10   [ RunTime:0.0010s ]
NOTIC: [2048] Declaration of Common\Model\PositionContentModel::save() should be compatible with Think\Model::save($data = '', $options = Array) D:\php\tp\Application\Common\Model\PositionContentModel.class.php 第 45 行.
NOTIC: [2048] Declaration of Common\Model\PositionContentModel::select() should be compatible with Think\Model::select($options = Array) D:\php\tp\Application\Common\Model\PositionContentModel.class.php 第 45 行.
NOTIC: [2048] Declaration of Common\Model\PositionContentModel::find() should be compatible with Think\Model::find($options = Array) D:\php\tp\Application\Common\Model\PositionContentModel.class.php 第 45 行.
SQL: SELECT * FROM `cms_position_content` WHERE `status` = 1 AND `position_id` = 5 ORDER BY create_time desc LIMIT 3   [ RunTime:0.0090s ]
INFO: [ view_parse ] --START--
INFO: [ template_filter ] --START--
INFO: Run Behavior\ContentReplaceBehavior [ RunTime:0.005000s ]
INFO: [ template_filter ] --END-- [ RunTime:0.005000s ]
SQL: SELECT * FROM `cms_menu` WHERE `status` = 1 AND `type` = 0 ORDER BY listorder desc,menu_id desc  [ RunTime:0.0110s ]
INFO: Run Behavior\ParseTemplateBehavior [ RunTime:0.095006s ]
INFO: [ view_parse ] --END-- [ RunTime:0.095006s ]
INFO: [ view_filter ] --START--
INFO: Run Behavior\WriteHtmlCacheBehavior [ RunTime:0.002000s ]
INFO: [ view_filter ] --END-- [ RunTime:0.002000s ]
INFO: [ app_end ] --START--
INFO: Run Behavior\ShowPageTraceBehavior [ RunTime:0.002000s ]
INFO: [ app_end ] --END-- [ RunTime:0.002000s ]

[ 2017-02-09T10:05:38+08:00 ] 127.0.0.1 /index.php?c=index&a=getCount
INFO: [ app_init ] --START--
INFO: Run Behavior\BuildLiteBehavior [ RunTime:0.000000s ]
INFO: [ app_init ] --END-- [ RunTime:0.002001s ]
INFO: [ app_begin ] --START--
INFO: Run Behavior\ReadHtmlCacheBehavior [ RunTime:0.007000s ]
INFO: [ app_begin ] --END-- [ RunTime:0.007000s ]
NOTIC: [2048] Declaration of Home\Controller\CommonController::error() should be compatible with Think\Controller::error($message = '', $jumpUrl = '', $ajax = false) D:\php\tp\Application\Home\Controller\CommonController.class.php 第 21 行.
NOTIC: [2048] Declaration of Common\Model\NewsModel::save() should be compatible with Think\Model::save($data = '', $options = Array) D:\php\tp\Application\Common\Model\NewsModel.class.php 第 5 行.
NOTIC: [2048] Declaration of Common\Model\NewsModel::find() should be compatible with Think\Model::find($options = Array) D:\php\tp\Application\Common\Model\NewsModel.class.php 第 5 行.
SQL: SELECT * FROM `cms_news` WHERE `news_id` IN ('42','38','37','40','39','32','41')  [ RunTime:0.0010s ]

[ 2017-02-09T10:05:40+08:00 ] 127.0.0.1 /index.php?c=detail&id=42
INFO: [ app_init ] --START--
INFO: Run Behavior\BuildLiteBehavior [ RunTime:0.000000s ]
INFO: [ app_init ] --END-- [ RunTime:0.001000s ]
INFO: [ app_begin ] --START--
INFO: Run Behavior\ReadHtmlCacheBehavior [ RunTime:0.001000s ]
INFO: [ app_begin ] --END-- [ RunTime:0.001000s ]
NOTIC: [2048] Declaration of Home\Controller\CommonController::error() should be compatible with Think\Controller::error($message = '', $jumpUrl = '', $ajax = false) D:\php\tp\Application\Home\Controller\CommonController.class.php 第 21 行.
NOTIC: [2048] Declaration of Common\Model\NewsModel::save() should be compatible with Think\Model::save($data = '', $options = Array) D:\php\tp\Application\Common\Model\NewsModel.class.php 第 5 行.
NOTIC: [2048] Declaration of Common\Model\NewsModel::find() should be compatible with Think\Model::find($options = Array) D:\php\tp\Application\Common\Model\NewsModel.class.php 第 5 行.
SQL: SELECT * FROM `cms_news` WHERE ( news_id=42 ) LIMIT 1   [ RunTime:0.0010s ]
SQL: UPDATE `cms_news` SET `count`='33' WHERE ( news_id=42 ) [ RunTime:0.0010s ]
NOTIC: [2048] Declaration of Common\Model\NewsContentModel::save() should be compatible with Think\Model::save($data = '', $options = Array) D:\php\tp\Application\Common\Model\NewsContentModel.class.php 第 26 行.
SQL: SELECT `news_id`,`content` FROM `cms_news_content` WHERE `news_id` = 42 LIMIT 1   [ RunTime:0.0020s ]
SQL: SELECT * FROM `cms_news` WHERE `status` = 1 ORDER BY count desc,news_id desc LIMIT 10   [ RunTime:0.0020s ]
NOTIC: [2048] Declaration of Common\Model\PositionContentModel::save() should be compatible with Think\Model::save($data = '', $options = Array) D:\php\tp\Application\Common\Model\PositionContentModel.class.php 第 45 行.
NOTIC: [2048] Declaration of Common\Model\PositionContentModel::select() should be compatible with Think\Model::select($options = Array) D:\php\tp\Application\Common\Model\PositionContentModel.class.php 第 45 行.
NOTIC: [2048] Declaration of Common\Model\PositionContentModel::find() should be compatible with Think\Model::find($options = Array) D:\php\tp\Application\Common\Model\PositionContentModel.class.php 第 45 行.
SQL: SELECT * FROM `cms_position_content` WHERE `status` = 1 AND `position_id` = 5 ORDER BY create_time desc LIMIT 3   [ RunTime:0.0010s ]
INFO: [ view_parse ] --START--
INFO: [ template_filter ] --START--
INFO: Run Behavior\ContentReplaceBehavior [ RunTime:0.000000s ]
INFO: [ template_filter ] --END-- [ RunTime:0.000000s ]
SQL: SELECT * FROM `cms_menu` WHERE `status` = 1 AND `type` = 0 ORDER BY listorder desc,menu_id desc  [ RunTime:0.0010s ]
INFO: Run Behavior\ParseTemplateBehavior [ RunTime:0.040003s ]
INFO: [ view_parse ] --END-- [ RunTime:0.040003s ]
INFO: [ view_filter ] --START--
INFO: Run Behavior\WriteHtmlCacheBehavior [ RunTime:0.001000s ]
INFO: [ view_filter ] --END-- [ RunTime:0.002000s ]
INFO: [ app_end ] --START--
INFO: Run Behavior\ShowPageTraceBehavior [ RunTime:0.002000s ]
INFO: [ app_end ] --END-- [ RunTime:0.002000s ]

[ 2017-02-09T10:05:43+08:00 ] 127.0.0.1 /index.php?c=index&a=getCount
INFO: [ app_init ] --START--
INFO: Run Behavior\BuildLiteBehavior [ RunTime:0.000000s ]
INFO: [ app_init ] --END-- [ RunTime:0.002000s ]
INFO: [ app_begin ] --START--
INFO: Run Behavior\ReadHtmlCacheBehavior [ RunTime:0.002000s ]
INFO: [ app_begin ] --END-- [ RunTime:0.002000s ]
NOTIC: [2048] Declaration of Home\Controller\CommonController::error() should be compatible with Think\Controller::error($message = '', $jumpUrl = '', $ajax = false) D:\php\tp\Application\Home\Controller\CommonController.class.php 第 21 行.
NOTIC: [2048] Declaration of Common\Model\NewsModel::save() should be compatible with Think\Model::save($data = '', $options = Array) D:\php\tp\Application\Common\Model\NewsModel.class.php 第 5 行.
NOTIC: [2048] Declaration of Common\Model\NewsModel::find() should be compatible with Think\Model::find($options = Array) D:\php\tp\Application\Common\Model\NewsModel.class.php 第 5 行.
SQL: SELECT * FROM `cms_news` WHERE `news_id` IN ('42','38','37','40','39','32','41')  [ RunTime:0.0010s ]

[ 2017-02-09T10:07:30+08:00 ] 127.0.0.1 /index.php?c=cat&id=5
INFO: [ app_init ] --START--
INFO: Run Behavior\BuildLiteBehavior [ RunTime:0.000000s ]
INFO: [ app_init ] --END-- [ RunTime:0.003000s ]
INFO: [ app_begin ] --START--
INFO: Run Behavior\ReadHtmlCacheBehavior [ RunTime:0.003000s ]
INFO: [ app_begin ] --END-- [ RunTime:0.003000s ]
NOTIC: [2048] Declaration of Home\Controller\CommonController::error() should be compatible with Think\Controller::error($message = '', $jumpUrl = '', $ajax = false) D:\php\tp\Application\Home\Controller\CommonController.class.php 第 21 行.
NOTIC: [8] Undefined index: p D:\php\tp\Application\Home\Controller\CatController.class.php 第 7 行.
NOTIC: [8] Undefined index: pageSize D:\php\tp\Application\Home\Controller\CatController.class.php 第 8 行.
NOTIC: [2048] Declaration of Common\Model\NewsModel::save() should be compatible with Think\Model::save($data = '', $options = Array) D:\php\tp\Application\Common\Model\NewsModel.class.php 第 5 行.
NOTIC: [2048] Declaration of Common\Model\NewsModel::find() should be compatible with Think\Model::find($options = Array) D:\php\tp\Application\Common\Model\NewsModel.class.php 第 5 行.
NOTIC: [8] Undefined index: title D:\php\tp\Application\Common\Model\NewsModel.class.php 第 15 行.
SQL: SELECT * FROM `cms_news` WHERE `status` <> -1 AND `catid` = 5 ORDER BY listorder desc,news_id desc LIMIT 0,10   [ RunTime:0.0010s ]
INFO: [ view_parse ] --START--
INFO: [ template_filter ] --START--
INFO: Run Behavior\ContentReplaceBehavior [ RunTime:0.000000s ]
INFO: [ template_filter ] --END-- [ RunTime:0.000000s ]
SQL: SELECT * FROM `cms_menu` WHERE `status` = 1 AND `type` = 0 ORDER BY listorder desc,menu_id desc  [ RunTime:0.0020s ]
NOTIC: [8] Undefined variable: cat_id D:\php\tp\Application\Runtime\Cache\Home\9e03bccc44c1f457e70232be6abc4e68.php 第 20 行.
NOTIC: [8] Undefined variable: cat_id D:\php\tp\Application\Runtime\Cache\Home\9e03bccc44c1f457e70232be6abc4e68.php 第 22 行.
NOTIC: [8] Undefined variable: cat_id D:\php\tp\Application\Runtime\Cache\Home\9e03bccc44c1f457e70232be6abc4e68.php 第 23 行.
NOTIC: [8] Undefined variable: cat_id D:\php\tp\Application\Runtime\Cache\Home\9e03bccc44c1f457e70232be6abc4e68.php 第 23 行.
NOTIC: [8] Undefined variable: cat_id D:\php\tp\Application\Runtime\Cache\Home\9e03bccc44c1f457e70232be6abc4e68.php 第 23 行.
INFO: Run Behavior\ParseTemplateBehavior [ RunTime:0.038002s ]
INFO: [ view_parse ] --END-- [ RunTime:0.038002s ]
INFO: [ view_filter ] --START--
INFO: Run Behavior\WriteHtmlCacheBehavior [ RunTime:0.001000s ]
INFO: [ view_filter ] --END-- [ RunTime:0.001000s ]
INFO: [ app_end ] --START--
INFO: Run Behavior\ShowPageTraceBehavior [ RunTime:0.002000s ]
INFO: [ app_end ] --END-- [ RunTime:0.002000s ]

[ 2017-02-09T10:07:32+08:00 ] 127.0.0.1 /index.php?c=cat&id=12
INFO: [ app_init ] --START--
INFO: Run Behavior\BuildLiteBehavior [ RunTime:0.000000s ]
INFO: [ app_init ] --END-- [ RunTime:0.002000s ]
INFO: [ app_begin ] --START--
INFO: Run Behavior\ReadHtmlCacheBehavior [ RunTime:0.002000s ]
INFO: [ app_begin ] --END-- [ RunTime:0.002000s ]
NOTIC: [2048] Declaration of Home\Controller\CommonController::error() should be compatible with Think\Controller::error($message = '', $jumpUrl = '', $ajax = false) D:\php\tp\Application\Home\Controller\CommonController.class.php 第 21 行.
NOTIC: [8] Undefined index: p D:\php\tp\Application\Home\Controller\CatController.class.php 第 7 行.
NOTIC: [8] Undefined index: pageSize D:\php\tp\Application\Home\Controller\CatController.class.php 第 8 行.
NOTIC: [2048] Declaration of Common\Model\NewsModel::save() should be compatible with Think\Model::save($data = '', $options = Array) D:\php\tp\Application\Common\Model\NewsModel.class.php 第 5 行.
NOTIC: [2048] Declaration of Common\Model\NewsModel::find() should be compatible with Think\Model::find($options = Array) D:\php\tp\Application\Common\Model\NewsModel.class.php 第 5 行.
NOTIC: [8] Undefined index: title D:\php\tp\Application\Common\Model\NewsModel.class.php 第 15 行.
SQL: SELECT * FROM `cms_news` WHERE `status` <> -1 AND `catid` = 12 ORDER BY listorder desc,news_id desc LIMIT 0,10   [ RunTime:0.0020s ]
NOTIC: [8] Undefined index: title D:\php\tp\Application\Common\Model\NewsModel.class.php 第 22 行.
SQL: SELECT COUNT(*) AS tp_count FROM `cms_news` WHERE `status` <> -1 AND `catid` = 12 LIMIT 1   [ RunTime:0.0020s ]
NOTIC: [8] Undefined variable: sing_path D:\php\tp\ThinkPHP\Common\functions.php 第 992 行.
SQL: SELECT * FROM `cms_news` WHERE `status` = 1 ORDER BY count desc,news_id desc LIMIT 10   [ RunTime:0.0010s ]
NOTIC: [2048] Declaration of Common\Model\PositionContentModel::save() should be compatible with Think\Model::save($data = '', $options = Array) D:\php\tp\Application\Common\Model\PositionContentModel.class.php 第 45 行.
NOTIC: [2048] Declaration of Common\Model\PositionContentModel::select() should be compatible with Think\Model::select($options = Array) D:\php\tp\Application\Common\Model\PositionContentModel.class.php 第 45 行.
NOTIC: [2048] Declaration of Common\Model\PositionContentModel::find() should be compatible with Think\Model::find($options = Array) D:\php\tp\Application\Common\Model\PositionContentModel.class.php 第 45 行.
SQL: SELECT * FROM `cms_position_content` WHERE `status` = 1 AND `position_id` = 5 ORDER BY create_time desc LIMIT 3   [ RunTime:0.0010s ]
NOTIC: [8] Undefined variable: smallNews D:\php\tp\Application\Home\Controller\CatController.class.php 第 21 行.
INFO: [ view_parse ] --START--
INFO: [ template_filter ] --START--
INFO: Run Behavior\ContentReplaceBehavior [ RunTime:0.000000s ]
INFO: [ template_filter ] --END-- [ RunTime:0.001000s ]
SQL: SELECT * FROM `cms_menu` WHERE `status` = 1 AND `type` = 0 ORDER BY listorder desc,menu_id desc  [ RunTime:0.0020s ]
INFO: Run Behavior\ParseTemplateBehavior [ RunTime:0.045002s ]
INFO: [ view_parse ] --END-- [ RunTime:0.045002s ]
INFO: [ view_filter ] --START--
INFO: Run Behavior\WriteHtmlCacheBehavior [ RunTime:0.000000s ]
INFO: [ view_filter ] --END-- [ RunTime:0.000000s ]
INFO: [ app_end ] --START--
INFO: Run Behavior\ShowPageTraceBehavior [ RunTime:0.001000s ]
INFO: [ app_end ] --END-- [ RunTime:0.001000s ]

[ 2017-02-09T10:07:32+08:00 ] 127.0.0.1 /index.php?c=index&a=getCount
INFO: [ app_init ] --START--
INFO: Run Behavior\BuildLiteBehavior [ RunTime:0.001000s ]
INFO: [ app_init ] --END-- [ RunTime:0.001000s ]
INFO: [ app_begin ] --START--
INFO: Run Behavior\ReadHtmlCacheBehavior [ RunTime:0.002000s ]
INFO: [ app_begin ] --END-- [ RunTime:0.002000s ]
NOTIC: [2048] Declaration of Home\Controller\CommonController::error() should be compatible with Think\Controller::error($message = '', $jumpUrl = '', $ajax = false) D:\php\tp\Application\Home\Controller\CommonController.class.php 第 21 行.
NOTIC: [2048] Declaration of Common\Model\NewsModel::save() should be compatible with Think\Model::save($data = '', $options = Array) D:\php\tp\Application\Common\Model\NewsModel.class.php 第 5 行.
NOTIC: [2048] Declaration of Common\Model\NewsModel::find() should be compatible with Think\Model::find($options = Array) D:\php\tp\Application\Common\Model\NewsModel.class.php 第 5 行.
SQL: SELECT * FROM `cms_news` WHERE `news_id` IN ('41','42')  [ RunTime:0.0010s ]

[ 2017-02-09T10:07:33+08:00 ] 127.0.0.1 /index.php?c=cat&id=3
INFO: [ app_init ] --START--
INFO: Run Behavior\BuildLiteBehavior [ RunTime:0.000000s ]
INFO: [ app_init ] --END-- [ RunTime:0.001000s ]
INFO: [ app_begin ] --START--
INFO: Run Behavior\ReadHtmlCacheBehavior [ RunTime:0.001000s ]
INFO: [ app_begin ] --END-- [ RunTime:0.001000s ]
NOTIC: [2048] Declaration of Home\Controller\CommonController::error() should be compatible with Think\Controller::error($message = '', $jumpUrl = '', $ajax = false) D:\php\tp\Application\Home\Controller\CommonController.class.php 第 21 行.
NOTIC: [8] Undefined index: p D:\php\tp\Application\Home\Controller\CatController.class.php 第 7 行.
NOTIC: [8] Undefined index: pageSize D:\php\tp\Application\Home\Controller\CatController.class.php 第 8 行.
NOTIC: [2048] Declaration of Common\Model\NewsModel::save() should be compatible with Think\Model::save($data = '', $options = Array) D:\php\tp\Application\Common\Model\NewsModel.class.php 第 5 行.
NOTIC: [2048] Declaration of Common\Model\NewsModel::find() should be compatible with Think\Model::find($options = Array) D:\php\tp\Application\Common\Model\NewsModel.class.php 第 5 行.
NOTIC: [8] Undefined index: title D:\php\tp\Application\Common\Model\NewsModel.class.php 第 15 行.
SQL: SELECT * FROM `cms_news` WHERE `status` <> -1 AND `catid` = 3 ORDER BY listorder desc,news_id desc LIMIT 0,10   [ RunTime:0.0020s ]
NOTIC: [8] Undefined index: title D:\php\tp\Application\Common\Model\NewsModel.class.php 第 22 行.
SQL: SELECT COUNT(*) AS tp_count FROM `cms_news` WHERE `status` <> -1 AND `catid` = 3 LIMIT 1   [ RunTime:0.0010s ]
NOTIC: [8] Undefined variable: sing_path D:\php\tp\ThinkPHP\Common\functions.php 第 992 行.
SQL: SELECT * FROM `cms_news` WHERE `status` = 1 ORDER BY count desc,news_id desc LIMIT 10   [ RunTime:0.0010s ]
NOTIC: [2048] Declaration of Common\Model\PositionContentModel::save() should be compatible with Think\Model::save($data = '', $options = Array) D:\php\tp\Application\Common\Model\PositionContentModel.class.php 第 45 行.
NOTIC: [2048] Declaration of Common\Model\PositionContentModel::select() should be compatible with Think\Model::select($options = Array) D:\php\tp\Application\Common\Model\PositionContentModel.class.php 第 45 行.
NOTIC: [2048] Declaration of Common\Model\PositionContentModel::find() should be compatible with Think\Model::find($options = Array) D:\php\tp\Application\Common\Model\PositionContentModel.class.php 第 45 行.
SQL: SELECT * FROM `cms_position_content` WHERE `status` = 1 AND `position_id` = 5 ORDER BY create_time desc LIMIT 3   [ RunTime:0.0010s ]
NOTIC: [8] Undefined variable: smallNews D:\php\tp\Application\Home\Controller\CatController.class.php 第 21 行.
INFO: [ view_parse ] --START--
INFO: [ template_filter ] --START--
INFO: Run Behavior\ContentReplaceBehavior [ RunTime:0.000000s ]
INFO: [ template_filter ] --END-- [ RunTime:0.000000s ]
SQL: SELECT * FROM `cms_menu` WHERE `status` = 1 AND `type` = 0 ORDER BY listorder desc,menu_id desc  [ RunTime:0.0010s ]
INFO: Run Behavior\ParseTemplateBehavior [ RunTime:0.041003s ]
INFO: [ view_parse ] --END-- [ RunTime:0.042003s ]
INFO: [ view_filter ] --START--
INFO: Run Behavior\WriteHtmlCacheBehavior [ RunTime:0.001000s ]
INFO: [ view_filter ] --END-- [ RunTime:0.001000s ]
INFO: [ app_end ] --START--
INFO: Run Behavior\ShowPageTraceBehavior [ RunTime:0.002000s ]
INFO: [ app_end ] --END-- [ RunTime:0.002000s ]

[ 2017-02-09T10:07:34+08:00 ] 127.0.0.1 /index.php?c=index&a=getCount
INFO: [ app_init ] --START--
INFO: Run Behavior\BuildLiteBehavior [ RunTime:0.000000s ]
INFO: [ app_init ] --END-- [ RunTime:0.002000s ]
INFO: [ app_begin ] --START--
INFO: Run Behavior\ReadHtmlCacheBehavior [ RunTime:0.002000s ]
INFO: [ app_begin ] --END-- [ RunTime:0.002000s ]
NOTIC: [2048] Declaration of Home\Controller\CommonController::error() should be compatible with Think\Controller::error($message = '', $jumpUrl = '', $ajax = false) D:\php\tp\Application\Home\Controller\CommonController.class.php 第 21 行.
NOTIC: [2048] Declaration of Common\Model\NewsModel::save() should be compatible with Think\Model::save($data = '', $options = Array) D:\php\tp\Application\Common\Model\NewsModel.class.php 第 5 行.
NOTIC: [2048] Declaration of Common\Model\NewsModel::find() should be compatible with Think\Model::find($options = Array) D:\php\tp\Application\Common\Model\NewsModel.class.php 第 5 行.
SQL: SELECT * FROM `cms_news` WHERE `news_id` IN ('40')  [ RunTime:0.0020s ]

[ 2017-02-09T10:07:34+08:00 ] 127.0.0.1 /index.php?c=cat&id=3
INFO: [ app_init ] --START--
INFO: Run Behavior\BuildLiteBehavior [ RunTime:0.000000s ]
INFO: [ app_init ] --END-- [ RunTime:0.001000s ]
INFO: [ app_begin ] --START--
INFO: Run Behavior\ReadHtmlCacheBehavior [ RunTime:0.002000s ]
INFO: [ app_begin ] --END-- [ RunTime:0.002000s ]
NOTIC: [2048] Declaration of Home\Controller\CommonController::error() should be compatible with Think\Controller::error($message = '', $jumpUrl = '', $ajax = false) D:\php\tp\Application\Home\Controller\CommonController.class.php 第 21 行.
NOTIC: [8] Undefined index: p D:\php\tp\Application\Home\Controller\CatController.class.php 第 7 行.
NOTIC: [8] Undefined index: pageSize D:\php\tp\Application\Home\Controller\CatController.class.php 第 8 行.
NOTIC: [2048] Declaration of Common\Model\NewsModel::save() should be compatible with Think\Model::save($data = '', $options = Array) D:\php\tp\Application\Common\Model\NewsModel.class.php 第 5 行.
NOTIC: [2048] Declaration of Common\Model\NewsModel::find() should be compatible with Think\Model::find($options = Array) D:\php\tp\Application\Common\Model\NewsModel.class.php 第 5 行.
NOTIC: [8] Undefined index: title D:\php\tp\Application\Common\Model\NewsModel.class.php 第 15 行.
SQL: SELECT * FROM `cms_news` WHERE `status` <> -1 AND `catid` = 3 ORDER BY listorder desc,news_id desc LIMIT 0,10   [ RunTime:0.0020s ]
NOTIC: [8] Undefined index: title D:\php\tp\Application\Common\Model\NewsModel.class.php 第 22 行.
SQL: SELECT COUNT(*) AS tp_count FROM `cms_news` WHERE `status` <> -1 AND `catid` = 3 LIMIT 1   [ RunTime:0.0010s ]
NOTIC: [8] Undefined variable: sing_path D:\php\tp\ThinkPHP\Common\functions.php 第 992 行.
SQL: SELECT * FROM `cms_news` WHERE `status` = 1 ORDER BY count desc,news_id desc LIMIT 10   [ RunTime:0.0010s ]
NOTIC: [2048] Declaration of Common\Model\PositionContentModel::save() should be compatible with Think\Model::save($data = '', $options = Array) D:\php\tp\Application\Common\Model\PositionContentModel.class.php 第 45 行.
NOTIC: [2048] Declaration of Common\Model\PositionContentModel::select() should be compatible with Think\Model::select($options = Array) D:\php\tp\Application\Common\Model\PositionContentModel.class.php 第 45 行.
NOTIC: [2048] Declaration of Common\Model\PositionContentModel::find() should be compatible with Think\Model::find($options = Array) D:\php\tp\Application\Common\Model\PositionContentModel.class.php 第 45 行.
SQL: SELECT * FROM `cms_position_content` WHERE `status` = 1 AND `position_id` = 5 ORDER BY create_time desc LIMIT 3   [ RunTime:0.0010s ]
NOTIC: [8] Undefined variable: smallNews D:\php\tp\Application\Home\Controller\CatController.class.php 第 21 行.
INFO: [ view_parse ] --START--
INFO: [ template_filter ] --START--
INFO: Run Behavior\ContentReplaceBehavior [ RunTime:0.000000s ]
INFO: [ template_filter ] --END-- [ RunTime:0.000000s ]
SQL: SELECT * FROM `cms_menu` WHERE `status` = 1 AND `type` = 0 ORDER BY listorder desc,menu_id desc  [ RunTime:0.0010s ]
INFO: Run Behavior\ParseTemplateBehavior [ RunTime:0.038002s ]
INFO: [ view_parse ] --END-- [ RunTime:0.038002s ]
INFO: [ view_filter ] --START--
INFO: Run Behavior\WriteHtmlCacheBehavior [ RunTime:0.001000s ]
INFO: [ view_filter ] --END-- [ RunTime:0.001000s ]
INFO: [ app_end ] --START--
INFO: Run Behavior\ShowPageTraceBehavior [ RunTime:0.002001s ]
INFO: [ app_end ] --END-- [ RunTime:0.002001s ]

[ 2017-02-09T10:07:34+08:00 ] 127.0.0.1 /index.php?c=index&a=getCount
INFO: [ app_init ] --START--
INFO: Run Behavior\BuildLiteBehavior [ RunTime:0.000000s ]
INFO: [ app_init ] --END-- [ RunTime:0.001000s ]
INFO: [ app_begin ] --START--
INFO: Run Behavior\ReadHtmlCacheBehavior [ RunTime:0.002000s ]
INFO: [ app_begin ] --END-- [ RunTime:0.002000s ]
NOTIC: [2048] Declaration of Home\Controller\CommonController::error() should be compatible with Think\Controller::error($message = '', $jumpUrl = '', $ajax = false) D:\php\tp\Application\Home\Controller\CommonController.class.php 第 21 行.
NOTIC: [2048] Declaration of Common\Model\NewsModel::save() should be compatible with Think\Model::save($data = '', $options = Array) D:\php\tp\Application\Common\Model\NewsModel.class.php 第 5 行.
NOTIC: [2048] Declaration of Common\Model\NewsModel::find() should be compatible with Think\Model::find($options = Array) D:\php\tp\Application\Common\Model\NewsModel.class.php 第 5 行.
SQL: SELECT * FROM `cms_news` WHERE `news_id` IN ('40')  [ RunTime:0.0030s ]

[ 2017-02-09T10:07:36+08:00 ] 127.0.0.1 /index.php?c=cat&id=12
INFO: [ app_init ] --START--
INFO: Run Behavior\BuildLiteBehavior [ RunTime:0.001000s ]
INFO: [ app_init ] --END-- [ RunTime:0.002000s ]
INFO: [ app_begin ] --START--
INFO: Run Behavior\ReadHtmlCacheBehavior [ RunTime:0.001000s ]
INFO: [ app_begin ] --END-- [ RunTime:0.001000s ]
NOTIC: [2048] Declaration of Home\Controller\CommonController::error() should be compatible with Think\Controller::error($message = '', $jumpUrl = '', $ajax = false) D:\php\tp\Application\Home\Controller\CommonController.class.php 第 21 行.
NOTIC: [8] Undefined index: p D:\php\tp\Application\Home\Controller\CatController.class.php 第 7 行.
NOTIC: [8] Undefined index: pageSize D:\php\tp\Application\Home\Controller\CatController.class.php 第 8 行.
NOTIC: [2048] Declaration of Common\Model\NewsModel::save() should be compatible with Think\Model::save($data = '', $options = Array) D:\php\tp\Application\Common\Model\NewsModel.class.php 第 5 行.
NOTIC: [2048] Declaration of Common\Model\NewsModel::find() should be compatible with Think\Model::find($options = Array) D:\php\tp\Application\Common\Model\NewsModel.class.php 第 5 行.
NOTIC: [8] Undefined index: title D:\php\tp\Application\Common\Model\NewsModel.class.php 第 15 行.
SQL: SELECT * FROM `cms_news` WHERE `status` <> -1 AND `catid` = 12 ORDER BY listorder desc,news_id desc LIMIT 0,10   [ RunTime:0.0020s ]
NOTIC: [8] Undefined index: title D:\php\tp\Application\Common\Model\NewsModel.class.php 第 22 行.
SQL: SELECT COUNT(*) AS tp_count FROM `cms_news` WHERE `status` <> -1 AND `catid` = 12 LIMIT 1   [ RunTime:0.0020s ]
NOTIC: [8] Undefined variable: sing_path D:\php\tp\ThinkPHP\Common\functions.php 第 992 行.
SQL: SELECT * FROM `cms_news` WHERE `status` = 1 ORDER BY count desc,news_id desc LIMIT 10   [ RunTime:0.0010s ]
NOTIC: [2048] Declaration of Common\Model\PositionContentModel::save() should be compatible with Think\Model::save($data = '', $options = Array) D:\php\tp\Application\Common\Model\PositionContentModel.class.php 第 45 行.
NOTIC: [2048] Declaration of Common\Model\PositionContentModel::select() should be compatible with Think\Model::select($options = Array) D:\php\tp\Application\Common\Model\PositionContentModel.class.php 第 45 行.
NOTIC: [2048] Declaration of Common\Model\PositionContentModel::find() should be compatible with Think\Model::find($options = Array) D:\php\tp\Application\Common\Model\PositionContentModel.class.php 第 45 行.
SQL: SELECT * FROM `cms_position_content` WHERE `status` = 1 AND `position_id` = 5 ORDER BY create_time desc LIMIT 3   [ RunTime:0.0010s ]
NOTIC: [8] Undefined variable: smallNews D:\php\tp\Application\Home\Controller\CatController.class.php 第 21 行.
INFO: [ view_parse ] --START--
INFO: [ template_filter ] --START--
INFO: Run Behavior\ContentReplaceBehavior [ RunTime:0.001000s ]
INFO: [ template_filter ] --END-- [ RunTime:0.001000s ]
SQL: SELECT * FROM `cms_menu` WHERE `status` = 1 AND `type` = 0 ORDER BY listorder desc,menu_id desc  [ RunTime:0.0010s ]
INFO: Run Behavior\ParseTemplateBehavior [ RunTime:0.039002s ]
INFO: [ view_parse ] --END-- [ RunTime:0.039002s ]
INFO: [ view_filter ] --START--
INFO: Run Behavior\WriteHtmlCacheBehavior [ RunTime:0.001000s ]
INFO: [ view_filter ] --END-- [ RunTime:0.001000s ]
INFO: [ app_end ] --START--
INFO: Run Behavior\ShowPageTraceBehavior [ RunTime:0.002000s ]
INFO: [ app_end ] --END-- [ RunTime:0.002000s ]

[ 2017-02-09T10:07:36+08:00 ] 127.0.0.1 /index.php?c=index&a=getCount
INFO: [ app_init ] --START--
INFO: Run Behavior\BuildLiteBehavior [ RunTime:0.000000s ]
INFO: [ app_init ] --END-- [ RunTime:0.001000s ]
INFO: [ app_begin ] --START--
INFO: Run Behavior\ReadHtmlCacheBehavior [ RunTime:0.002000s ]
INFO: [ app_begin ] --END-- [ RunTime:0.002000s ]
NOTIC: [2048] Declaration of Home\Controller\CommonController::error() should be compatible with Think\Controller::error($message = '', $jumpUrl = '', $ajax = false) D:\php\tp\Application\Home\Controller\CommonController.class.php 第 21 行.
NOTIC: [2048] Declaration of Common\Model\NewsModel::save() should be compatible with Think\Model::save($data = '', $options = Array) D:\php\tp\Application\Common\Model\NewsModel.class.php 第 5 行.
NOTIC: [2048] Declaration of Common\Model\NewsModel::find() should be compatible with Think\Model::find($options = Array) D:\php\tp\Application\Common\Model\NewsModel.class.php 第 5 行.
SQL: SELECT * FROM `cms_news` WHERE `news_id` IN ('41','42')  [ RunTime:0.0020s ]

[ 2017-02-09T10:07:39+08:00 ] 127.0.0.1 /index.php?c=cat&id=3
INFO: [ app_init ] --START--
INFO: Run Behavior\BuildLiteBehavior [ RunTime:0.000000s ]
INFO: [ app_init ] --END-- [ RunTime:0.001000s ]
INFO: [ app_begin ] --START--
INFO: Run Behavior\ReadHtmlCacheBehavior [ RunTime:0.002000s ]
INFO: [ app_begin ] --END-- [ RunTime:0.002000s ]
NOTIC: [2048] Declaration of Home\Controller\CommonController::error() should be compatible with Think\Controller::error($message = '', $jumpUrl = '', $ajax = false) D:\php\tp\Application\Home\Controller\CommonController.class.php 第 21 行.
NOTIC: [8] Undefined index: p D:\php\tp\Application\Home\Controller\CatController.class.php 第 7 行.
NOTIC: [8] Undefined index: pageSize D:\php\tp\Application\Home\Controller\CatController.class.php 第 8 行.
NOTIC: [2048] Declaration of Common\Model\NewsModel::save() should be compatible with Think\Model::save($data = '', $options = Array) D:\php\tp\Application\Common\Model\NewsModel.class.php 第 5 行.
NOTIC: [2048] Declaration of Common\Model\NewsModel::find() should be compatible with Think\Model::find($options = Array) D:\php\tp\Application\Common\Model\NewsModel.class.php 第 5 行.
NOTIC: [8] Undefined index: title D:\php\tp\Application\Common\Model\NewsModel.class.php 第 15 行.
SQL: SELECT * FROM `cms_news` WHERE `status` <> -1 AND `catid` = 3 ORDER BY listorder desc,news_id desc LIMIT 0,10   [ RunTime:0.0020s ]
NOTIC: [8] Undefined index: title D:\php\tp\Application\Common\Model\NewsModel.class.php 第 22 行.
SQL: SELECT COUNT(*) AS tp_count FROM `cms_news` WHERE `status` <> -1 AND `catid` = 3 LIMIT 1   [ RunTime:0.0010s ]
NOTIC: [8] Undefined variable: sing_path D:\php\tp\ThinkPHP\Common\functions.php 第 992 行.
SQL: SELECT * FROM `cms_news` WHERE `status` = 1 ORDER BY count desc,news_id desc LIMIT 10   [ RunTime:0.0010s ]
NOTIC: [2048] Declaration of Common\Model\PositionContentModel::save() should be compatible with Think\Model::save($data = '', $options = Array) D:\php\tp\Application\Common\Model\PositionContentModel.class.php 第 45 行.
NOTIC: [2048] Declaration of Common\Model\PositionContentModel::select() should be compatible with Think\Model::select($options = Array) D:\php\tp\Application\Common\Model\PositionContentModel.class.php 第 45 行.
NOTIC: [2048] Declaration of Common\Model\PositionContentModel::find() should be compatible with Think\Model::find($options = Array) D:\php\tp\Application\Common\Model\PositionContentModel.class.php 第 45 行.
SQL: SELECT * FROM `cms_position_content` WHERE `status` = 1 AND `position_id` = 5 ORDER BY create_time desc LIMIT 3   [ RunTime:0.0010s ]
NOTIC: [8] Undefined variable: smallNews D:\php\tp\Application\Home\Controller\CatController.class.php 第 21 行.
INFO: [ view_parse ] --START--
INFO: [ template_filter ] --START--
INFO: Run Behavior\ContentReplaceBehavior [ RunTime:0.000000s ]
INFO: [ template_filter ] --END-- [ RunTime:0.000000s ]
SQL: SELECT * FROM `cms_menu` WHERE `status` = 1 AND `type` = 0 ORDER BY listorder desc,menu_id desc  [ RunTime:0.0010s ]
INFO: Run Behavior\ParseTemplateBehavior [ RunTime:0.043003s ]
INFO: [ view_parse ] --END-- [ RunTime:0.043003s ]
INFO: [ view_filter ] --START--
INFO: Run Behavior\WriteHtmlCacheBehavior [ RunTime:0.001000s ]
INFO: [ view_filter ] --END-- [ RunTime:0.001000s ]
INFO: [ app_end ] --START--
INFO: Run Behavior\ShowPageTraceBehavior [ RunTime:0.002000s ]
INFO: [ app_end ] --END-- [ RunTime:0.002000s ]

[ 2017-02-09T10:07:39+08:00 ] 127.0.0.1 /index.php?c=index&a=getCount
INFO: [ app_init ] --START--
INFO: Run Behavior\BuildLiteBehavior [ RunTime:0.000000s ]
INFO: [ app_init ] --END-- [ RunTime:0.001000s ]
INFO: [ app_begin ] --START--
INFO: Run Behavior\ReadHtmlCacheBehavior [ RunTime:0.002000s ]
INFO: [ app_begin ] --END-- [ RunTime:0.002000s ]
NOTIC: [2048] Declaration of Home\Controller\CommonController::error() should be compatible with Think\Controller::error($message = '', $jumpUrl = '', $ajax = false) D:\php\tp\Application\Home\Controller\CommonController.class.php 第 21 行.
NOTIC: [2048] Declaration of Common\Model\NewsModel::save() should be compatible with Think\Model::save($data = '', $options = Array) D:\php\tp\Application\Common\Model\NewsModel.class.php 第 5 行.
NOTIC: [2048] Declaration of Common\Model\NewsModel::find() should be compatible with Think\Model::find($options = Array) D:\php\tp\Application\Common\Model\NewsModel.class.php 第 5 行.
SQL: SELECT * FROM `cms_news` WHERE `news_id` IN ('40')  [ RunTime:0.0010s ]

[ 2017-02-09T10:07:40+08:00 ] 127.0.0.1 /index.php?c=index&a=getCount
INFO: [ app_init ] --START--
INFO: Run Behavior\BuildLiteBehavior [ RunTime:0.000000s ]
INFO: [ app_init ] --END-- [ RunTime:0.001000s ]
INFO: [ app_begin ] --START--
INFO: Run Behavior\ReadHtmlCacheBehavior [ RunTime:0.002001s ]
INFO: [ app_begin ] --END-- [ RunTime:0.002001s ]
NOTIC: [2048] Declaration of Home\Controller\CommonController::error() should be compatible with Think\Controller::error($message = '', $jumpUrl = '', $ajax = false) D:\php\tp\Application\Home\Controller\CommonController.class.php 第 21 行.
NOTIC: [2048] Declaration of Common\Model\NewsModel::save() should be compatible with Think\Model::save($data = '', $options = Array) D:\php\tp\Application\Common\Model\NewsModel.class.php 第 5 行.
NOTIC: [2048] Declaration of Common\Model\NewsModel::find() should be compatible with Think\Model::find($options = Array) D:\php\tp\Application\Common\Model\NewsModel.class.php 第 5 行.
SQL: SELECT * FROM `cms_news` WHERE `news_id` IN ('42','38','37','40','39','32','41')  [ RunTime:0.0020s ]

[ 2017-02-09T10:07:42+08:00 ] 127.0.0.1 /index.php?c=cat&id=12
INFO: [ app_init ] --START--
INFO: Run Behavior\BuildLiteBehavior [ RunTime:0.000000s ]
INFO: [ app_init ] --END-- [ RunTime:0.001001s ]
INFO: [ app_begin ] --START--
INFO: Run Behavior\ReadHtmlCacheBehavior [ RunTime:0.002000s ]
INFO: [ app_begin ] --END-- [ RunTime:0.002000s ]
NOTIC: [2048] Declaration of Home\Controller\CommonController::error() should be compatible with Think\Controller::error($message = '', $jumpUrl = '', $ajax = false) D:\php\tp\Application\Home\Controller\CommonController.class.php 第 21 行.
NOTIC: [8] Undefined index: p D:\php\tp\Application\Home\Controller\CatController.class.php 第 7 行.
NOTIC: [8] Undefined index: pageSize D:\php\tp\Application\Home\Controller\CatController.class.php 第 8 行.
NOTIC: [2048] Declaration of Common\Model\NewsModel::save() should be compatible with Think\Model::save($data = '', $options = Array) D:\php\tp\Application\Common\Model\NewsModel.class.php 第 5 行.
NOTIC: [2048] Declaration of Common\Model\NewsModel::find() should be compatible with Think\Model::find($options = Array) D:\php\tp\Application\Common\Model\NewsModel.class.php 第 5 行.
NOTIC: [8] Undefined index: title D:\php\tp\Application\Common\Model\NewsModel.class.php 第 15 行.
SQL: SELECT * FROM `cms_news` WHERE `status` <> -1 AND `catid` = 12 ORDER BY listorder desc,news_id desc LIMIT 0,10   [ RunTime:0.0020s ]
NOTIC: [8] Undefined index: title D:\php\tp\Application\Common\Model\NewsModel.class.php 第 22 行.
SQL: SELECT COUNT(*) AS tp_count FROM `cms_news` WHERE `status` <> -1 AND `catid` = 12 LIMIT 1   [ RunTime:0.0010s ]
NOTIC: [8] Undefined variable: sing_path D:\php\tp\ThinkPHP\Common\functions.php 第 992 行.
SQL: SELECT * FROM `cms_news` WHERE `status` = 1 ORDER BY count desc,news_id desc LIMIT 10   [ RunTime:0.0010s ]
NOTIC: [2048] Declaration of Common\Model\PositionContentModel::save() should be compatible with Think\Model::save($data = '', $options = Array) D:\php\tp\Application\Common\Model\PositionContentModel.class.php 第 45 行.
NOTIC: [2048] Declaration of Common\Model\PositionContentModel::select() should be compatible with Think\Model::select($options = Array) D:\php\tp\Application\Common\Model\PositionContentModel.class.php 第 45 行.
NOTIC: [2048] Declaration of Common\Model\PositionContentModel::find() should be compatible with Think\Model::find($options = Array) D:\php\tp\Application\Common\Model\PositionContentModel.class.php 第 45 行.
SQL: SELECT * FROM `cms_position_content` WHERE `status` = 1 AND `position_id` = 5 ORDER BY create_time desc LIMIT 3   [ RunTime:0.0020s ]
NOTIC: [8] Undefined variable: smallNews D:\php\tp\Application\Home\Controller\CatController.class.php 第 21 行.
INFO: [ view_parse ] --START--
INFO: [ template_filter ] --START--
INFO: Run Behavior\ContentReplaceBehavior [ RunTime:0.000000s ]
INFO: [ template_filter ] --END-- [ RunTime:0.000000s ]
SQL: SELECT * FROM `cms_menu` WHERE `status` = 1 AND `type` = 0 ORDER BY listorder desc,menu_id desc  [ RunTime:0.0010s ]
INFO: Run Behavior\ParseTemplateBehavior [ RunTime:0.040002s ]
INFO: [ view_parse ] --END-- [ RunTime:0.040002s ]
INFO: [ view_filter ] --START--
INFO: Run Behavior\WriteHtmlCacheBehavior [ RunTime:0.001001s ]
INFO: [ view_filter ] --END-- [ RunTime:0.001001s ]
INFO: [ app_end ] --START--
INFO: Run Behavior\ShowPageTraceBehavior [ RunTime:0.002000s ]
INFO: [ app_end ] --END-- [ RunTime:0.002000s ]

[ 2017-02-09T10:07:42+08:00 ] 127.0.0.1 /index.php?c=index&a=getCount
INFO: [ app_init ] --START--
INFO: Run Behavior\BuildLiteBehavior [ RunTime:0.000000s ]
INFO: [ app_init ] --END-- [ RunTime:0.001000s ]
INFO: [ app_begin ] --START--
INFO: Run Behavior\ReadHtmlCacheBehavior [ RunTime:0.001000s ]
INFO: [ app_begin ] --END-- [ RunTime:0.002000s ]
NOTIC: [2048] Declaration of Home\Controller\CommonController::error() should be compatible with Think\Controller::error($message = '', $jumpUrl = '', $ajax = false) D:\php\tp\Application\Home\Controller\CommonController.class.php 第 21 行.
NOTIC: [2048] Declaration of Common\Model\NewsModel::save() should be compatible with Think\Model::save($data = '', $options = Array) D:\php\tp\Application\Common\Model\NewsModel.class.php 第 5 行.
NOTIC: [2048] Declaration of Common\Model\NewsModel::find() should be compatible with Think\Model::find($options = Array) D:\php\tp\Application\Common\Model\NewsModel.class.php 第 5 行.
SQL: SELECT * FROM `cms_news` WHERE `news_id` IN ('41','42')  [ RunTime:0.0010s ]

[ 2017-02-09T10:10:24+08:00 ] 127.0.0.1 /index.php?c=detail&id=42
INFO: [ app_init ] --START--
INFO: Run Behavior\BuildLiteBehavior [ RunTime:0.000000s ]
INFO: [ app_init ] --END-- [ RunTime:0.002000s ]
INFO: [ app_begin ] --START--
INFO: Run Behavior\ReadHtmlCacheBehavior [ RunTime:0.004000s ]
INFO: [ app_begin ] --END-- [ RunTime:0.005000s ]
NOTIC: [2048] Declaration of Home\Controller\CommonController::error() should be compatible with Think\Controller::error($message = '', $jumpUrl = '', $ajax = false) D:\php\tp\Application\Home\Controller\CommonController.class.php 第 21 行.
NOTIC: [2048] Declaration of Common\Model\NewsModel::save() should be compatible with Think\Model::save($data = '', $options = Array) D:\php\tp\Application\Common\Model\NewsModel.class.php 第 5 行.
NOTIC: [2048] Declaration of Common\Model\NewsModel::find() should be compatible with Think\Model::find($options = Array) D:\php\tp\Application\Common\Model\NewsModel.class.php 第 5 行.
SQL: SELECT * FROM `cms_news` WHERE ( news_id=42 ) LIMIT 1   [ RunTime:0.0010s ]
SQL: UPDATE `cms_news` SET `count`='34' WHERE ( news_id=42 ) [ RunTime:0.0000s ]
NOTIC: [2048] Declaration of Common\Model\NewsContentModel::save() should be compatible with Think\Model::save($data = '', $options = Array) D:\php\tp\Application\Common\Model\NewsContentModel.class.php 第 26 行.
SQL: SELECT `news_id`,`content` FROM `cms_news_content` WHERE `news_id` = 42 LIMIT 1   [ RunTime:0.0000s ]
SQL: SELECT * FROM `cms_news` WHERE `status` = 1 ORDER BY count desc,news_id desc LIMIT 10   [ RunTime:0.0010s ]
NOTIC: [2048] Declaration of Common\Model\PositionContentModel::save() should be compatible with Think\Model::save($data = '', $options = Array) D:\php\tp\Application\Common\Model\PositionContentModel.class.php 第 45 行.
NOTIC: [2048] Declaration of Common\Model\PositionContentModel::select() should be compatible with Think\Model::select($options = Array) D:\php\tp\Application\Common\Model\PositionContentModel.class.php 第 45 行.
NOTIC: [2048] Declaration of Common\Model\PositionContentModel::find() should be compatible with Think\Model::find($options = Array) D:\php\tp\Application\Common\Model\PositionContentModel.class.php 第 45 行.
SQL: SELECT * FROM `cms_position_content` WHERE `status` = 1 AND `position_id` = 5 ORDER BY create_time desc LIMIT 3   [ RunTime:0.0010s ]
INFO: [ view_parse ] --START--
INFO: [ template_filter ] --START--
INFO: Run Behavior\ContentReplaceBehavior [ RunTime:0.000000s ]
INFO: [ template_filter ] --END-- [ RunTime:0.000000s ]
SQL: SELECT * FROM `cms_menu` WHERE `status` = 1 AND `type` = 0 ORDER BY listorder desc,menu_id desc  [ RunTime:0.0010s ]
INFO: Run Behavior\ParseTemplateBehavior [ RunTime:0.042002s ]
INFO: [ view_parse ] --END-- [ RunTime:0.043002s ]
INFO: [ view_filter ] --START--
INFO: Run Behavior\WriteHtmlCacheBehavior [ RunTime:0.001000s ]
INFO: [ view_filter ] --END-- [ RunTime:0.001000s ]
INFO: [ app_end ] --START--
INFO: Run Behavior\ShowPageTraceBehavior [ RunTime:0.002000s ]
INFO: [ app_end ] --END-- [ RunTime:0.002000s ]

[ 2017-02-09T10:10:29+08:00 ] 127.0.0.1 /index.php?c=detail&id=40
INFO: [ app_init ] --START--
INFO: Run Behavior\BuildLiteBehavior [ RunTime:0.000000s ]
INFO: [ app_init ] --END-- [ RunTime:0.001000s ]
INFO: [ app_begin ] --START--
INFO: Run Behavior\ReadHtmlCacheBehavior [ RunTime:0.001000s ]
INFO: [ app_begin ] --END-- [ RunTime:0.001000s ]
NOTIC: [2048] Declaration of Home\Controller\CommonController::error() should be compatible with Think\Controller::error($message = '', $jumpUrl = '', $ajax = false) D:\php\tp\Application\Home\Controller\CommonController.class.php 第 21 行.
NOTIC: [2048] Declaration of Common\Model\NewsModel::save() should be compatible with Think\Model::save($data = '', $options = Array) D:\php\tp\Application\Common\Model\NewsModel.class.php 第 5 行.
NOTIC: [2048] Declaration of Common\Model\NewsModel::find() should be compatible with Think\Model::find($options = Array) D:\php\tp\Application\Common\Model\NewsModel.class.php 第 5 行.
SQL: SELECT * FROM `cms_news` WHERE ( news_id=40 ) LIMIT 1   [ RunTime:0.0010s ]
SQL: UPDATE `cms_news` SET `count`='33' WHERE ( news_id=40 ) [ RunTime:0.0010s ]
NOTIC: [2048] Declaration of Common\Model\NewsContentModel::save() should be compatible with Think\Model::save($data = '', $options = Array) D:\php\tp\Application\Common\Model\NewsContentModel.class.php 第 26 行.
SQL: SELECT `news_id`,`content` FROM `cms_news_content` WHERE `news_id` = 40 LIMIT 1   [ RunTime:0.0050s ]
SQL: SELECT * FROM `cms_news` WHERE `status` = 1 ORDER BY count desc,news_id desc LIMIT 10   [ RunTime:0.0020s ]
NOTIC: [2048] Declaration of Common\Model\PositionContentModel::save() should be compatible with Think\Model::save($data = '', $options = Array) D:\php\tp\Application\Common\Model\PositionContentModel.class.php 第 45 行.
NOTIC: [2048] Declaration of Common\Model\PositionContentModel::select() should be compatible with Think\Model::select($options = Array) D:\php\tp\Application\Common\Model\PositionContentModel.class.php 第 45 行.
NOTIC: [2048] Declaration of Common\Model\PositionContentModel::find() should be compatible with Think\Model::find($options = Array) D:\php\tp\Application\Common\Model\PositionContentModel.class.php 第 45 行.
SQL: SELECT * FROM `cms_position_content` WHERE `status` = 1 AND `position_id` = 5 ORDER BY create_time desc LIMIT 3   [ RunTime:0.0010s ]
INFO: [ view_parse ] --START--
INFO: [ template_filter ] --START--
INFO: Run Behavior\ContentReplaceBehavior [ RunTime:0.000000s ]
INFO: [ template_filter ] --END-- [ RunTime:0.001000s ]
SQL: SELECT * FROM `cms_menu` WHERE `status` = 1 AND `type` = 0 ORDER BY listorder desc,menu_id desc  [ RunTime:0.0020s ]
INFO: Run Behavior\ParseTemplateBehavior [ RunTime:0.036002s ]
INFO: [ view_parse ] --END-- [ RunTime:0.036002s ]
INFO: [ view_filter ] --START--
INFO: Run Behavior\WriteHtmlCacheBehavior [ RunTime:0.001000s ]
INFO: [ view_filter ] --END-- [ RunTime:0.001000s ]
INFO: [ app_end ] --START--
INFO: Run Behavior\ShowPageTraceBehavior [ RunTime:0.002000s ]
INFO: [ app_end ] --END-- [ RunTime:0.002000s ]

[ 2017-02-09T10:10:57+08:00 ] 127.0.0.1 /index.php?c=detail&id=42
INFO: [ app_init ] --START--
INFO: Run Behavior\BuildLiteBehavior [ RunTime:0.000000s ]
INFO: [ app_init ] --END-- [ RunTime:0.001000s ]
INFO: [ app_begin ] --START--
INFO: Run Behavior\ReadHtmlCacheBehavior [ RunTime:0.001000s ]
INFO: [ app_begin ] --END-- [ RunTime:0.002000s ]
NOTIC: [2048] Declaration of Home\Controller\CommonController::error() should be compatible with Think\Controller::error($message = '', $jumpUrl = '', $ajax = false) D:\php\tp\Application\Home\Controller\CommonController.class.php 第 21 行.
NOTIC: [2048] Declaration of Common\Model\NewsModel::save() should be compatible with Think\Model::save($data = '', $options = Array) D:\php\tp\Application\Common\Model\NewsModel.class.php 第 5 行.
NOTIC: [2048] Declaration of Common\Model\NewsModel::find() should be compatible with Think\Model::find($options = Array) D:\php\tp\Application\Common\Model\NewsModel.class.php 第 5 行.
SQL: SELECT * FROM `cms_news` WHERE ( news_id=42 ) LIMIT 1   [ RunTime:0.0010s ]
SQL: UPDATE `cms_news` SET `count`='35' WHERE ( news_id=42 ) [ RunTime:0.0010s ]
NOTIC: [2048] Declaration of Common\Model\NewsContentModel::save() should be compatible with Think\Model::save($data = '', $options = Array) D:\php\tp\Application\Common\Model\NewsContentModel.class.php 第 26 行.
SQL: SELECT `news_id`,`content` FROM `cms_news_content` WHERE `news_id` = 42 LIMIT 1   [ RunTime:0.0000s ]
SQL: SELECT * FROM `cms_news` WHERE `status` = 1 ORDER BY count desc,news_id desc LIMIT 10   [ RunTime:0.0010s ]
NOTIC: [2048] Declaration of Common\Model\PositionContentModel::save() should be compatible with Think\Model::save($data = '', $options = Array) D:\php\tp\Application\Common\Model\PositionContentModel.class.php 第 45 行.
NOTIC: [2048] Declaration of Common\Model\PositionContentModel::select() should be compatible with Think\Model::select($options = Array) D:\php\tp\Application\Common\Model\PositionContentModel.class.php 第 45 行.
NOTIC: [2048] Declaration of Common\Model\PositionContentModel::find() should be compatible with Think\Model::find($options = Array) D:\php\tp\Application\Common\Model\PositionContentModel.class.php 第 45 行.
SQL: SELECT * FROM `cms_position_content` WHERE `status` = 1 AND `position_id` = 5 ORDER BY create_time desc LIMIT 3   [ RunTime:0.0010s ]
INFO: [ view_parse ] --START--
INFO: [ template_filter ] --START--
INFO: Run Behavior\ContentReplaceBehavior [ RunTime:0.000000s ]
INFO: [ template_filter ] --END-- [ RunTime:0.000000s ]
SQL: SELECT * FROM `cms_menu` WHERE `status` = 1 AND `type` = 0 ORDER BY listorder desc,menu_id desc  [ RunTime:0.0010s ]
INFO: Run Behavior\ParseTemplateBehavior [ RunTime:0.032002s ]
INFO: [ view_parse ] --END-- [ RunTime:0.033002s ]
INFO: [ view_filter ] --START--
INFO: Run Behavior\WriteHtmlCacheBehavior [ RunTime:0.001000s ]
INFO: [ view_filter ] --END-- [ RunTime:0.001000s ]
INFO: [ app_end ] --START--
INFO: Run Behavior\ShowPageTraceBehavior [ RunTime:0.002000s ]
INFO: [ app_end ] --END-- [ RunTime:0.002000s ]

[ 2017-02-09T10:21:14+08:00 ] 127.0.0.1 /index.php?c=index&a=getCount
INFO: [ app_init ] --START--
INFO: Run Behavior\BuildLiteBehavior [ RunTime:0.001000s ]
INFO: [ app_init ] --END-- [ RunTime:0.002000s ]
INFO: [ app_begin ] --START--
INFO: Run Behavior\ReadHtmlCacheBehavior [ RunTime:0.001000s ]
INFO: [ app_begin ] --END-- [ RunTime:0.001000s ]
NOTIC: [2048] Declaration of Home\Controller\CommonController::error() should be compatible with Think\Controller::error($message = '', $jumpUrl = '', $ajax = false) D:\php\tp\Application\Home\Controller\CommonController.class.php 第 21 行.
NOTIC: [2048] Declaration of Common\Model\NewsModel::save() should be compatible with Think\Model::save($data = '', $options = Array) D:\php\tp\Application\Common\Model\NewsModel.class.php 第 5 行.
NOTIC: [2048] Declaration of Common\Model\NewsModel::find() should be compatible with Think\Model::find($options = Array) D:\php\tp\Application\Common\Model\NewsModel.class.php 第 5 行.
SQL: SELECT * FROM `cms_news` WHERE `news_id` IN ('42','38','37','40','39','32','41')  [ RunTime:0.0020s ]

[ 2017-02-09T10:28:03+08:00 ] 127.0.0.1 /index.php?c=detail&id=39
INFO: [ app_init ] --START--
INFO: Run Behavior\BuildLiteBehavior [ RunTime:0.000000s ]
INFO: [ app_init ] --END-- [ RunTime:0.001000s ]
INFO: [ app_begin ] --START--
INFO: Run Behavior\ReadHtmlCacheBehavior [ RunTime:0.003001s ]
INFO: [ app_begin ] --END-- [ RunTime:0.003001s ]
NOTIC: [2048] Declaration of Home\Controller\CommonController::error() should be compatible with Think\Controller::error($message = '', $jumpUrl = '', $ajax = false) D:\php\tp\Application\Home\Controller\CommonController.class.php 第 21 行.
NOTIC: [2048] Declaration of Common\Model\NewsModel::save() should be compatible with Think\Model::save($data = '', $options = Array) D:\php\tp\Application\Common\Model\NewsModel.class.php 第 5 行.
NOTIC: [2048] Declaration of Common\Model\NewsModel::find() should be compatible with Think\Model::find($options = Array) D:\php\tp\Application\Common\Model\NewsModel.class.php 第 5 行.
SQL: SELECT * FROM `cms_news` WHERE ( news_id=39 ) LIMIT 1   [ RunTime:0.0030s ]
SQL: UPDATE `cms_news` SET `count`='21' WHERE ( news_id=39 ) [ RunTime:0.0010s ]
NOTIC: [2048] Declaration of Common\Model\NewsContentModel::save() should be compatible with Think\Model::save($data = '', $options = Array) D:\php\tp\Application\Common\Model\NewsContentModel.class.php 第 26 行.
SQL: SELECT `news_id`,`content` FROM `cms_news_content` WHERE `news_id` = 39 LIMIT 1   [ RunTime:0.0040s ]
SQL: SELECT * FROM `cms_news` WHERE `status` = 1 ORDER BY count desc,news_id desc LIMIT 10   [ RunTime:0.0020s ]
NOTIC: [2048] Declaration of Common\Model\PositionContentModel::save() should be compatible with Think\Model::save($data = '', $options = Array) D:\php\tp\Application\Common\Model\PositionContentModel.class.php 第 45 行.
NOTIC: [2048] Declaration of Common\Model\PositionContentModel::select() should be compatible with Think\Model::select($options = Array) D:\php\tp\Application\Common\Model\PositionContentModel.class.php 第 45 行.
NOTIC: [2048] Declaration of Common\Model\PositionContentModel::find() should be compatible with Think\Model::find($options = Array) D:\php\tp\Application\Common\Model\PositionContentModel.class.php 第 45 行.
SQL: SELECT * FROM `cms_position_content` WHERE `status` = 1 AND `position_id` = 5 ORDER BY create_time desc LIMIT 3   [ RunTime:0.0050s ]
INFO: [ view_parse ] --START--
INFO: [ template_filter ] --START--
INFO: Run Behavior\ContentReplaceBehavior [ RunTime:0.000000s ]
INFO: [ template_filter ] --END-- [ RunTime:0.000000s ]
SQL: SELECT * FROM `cms_menu` WHERE `status` = 1 AND `type` = 0 ORDER BY listorder desc,menu_id desc  [ RunTime:0.0050s ]
INFO: Run Behavior\ParseTemplateBehavior [ RunTime:0.072005s ]
INFO: [ view_parse ] --END-- [ RunTime:0.072005s ]
INFO: [ view_filter ] --START--
INFO: Run Behavior\WriteHtmlCacheBehavior [ RunTime:0.001000s ]
INFO: [ view_filter ] --END-- [ RunTime:0.001000s ]
INFO: [ app_end ] --START--
INFO: Run Behavior\ShowPageTraceBehavior [ RunTime:0.001000s ]
INFO: [ app_end ] --END-- [ RunTime:0.002000s ]

